2025-04-14 13:51:49,405 [INFO] Activator:176 - 


2025-04-14 13:51:49,412 [INFO] Activator:177 - !SESSION log4j initialized
2025-04-14 13:51:52,666 [INFO] LogOutputStream:77 - [STDOUT_REDIRECT] 
2025-04-14 13:51:53,549 [ERROR] LogOutputStream:75 - [STDERR_REDIRECT] 
2025-04-14 13:51:55,533 [INFO] LogOutputStream:77 - [STDOUT_REDIRECT] 
2025-04-14 13:51:56,297 [INFO] ApplicationProperties:184 - Using Application install path: /Applications/STM32CubeIDE.app/Contents/Eclipse/plugins/com.st.stm32cube.common.mx_6.14.0.202502271554
2025-04-14 13:51:56,316 [INFO] DbMcusXml:78 - Set database path to: /Applications/STM32CubeIDE.app/Contents/Eclipse/plugins/com.st.stm32cube.common.mx_6.14.0.202502271554//db//mcu/
2025-04-14 13:51:56,317 [INFO] ApiDb:274 - Set plugin database path to: /Applications/STM32CubeIDE.app/Contents/Eclipse/plugins/com.st.stm32cube.common.mx_6.14.0.202502271554//db//plugins/boardmanager/
2025-04-14 13:51:56,317 [WARN] ApiDb:259 - Overriding images path with different value:  => /Applications/STM32CubeIDE.app/Contents/Eclipse/plugins/com.st.stm32cube.common.mx_6.14.0.202502271554//db//plugins/mcufinder/images/
2025-04-14 13:51:56,322 [INFO] ApiDb:250 - Set database path to: /Users/haileythill-turke/.stmcufinder/plugins/mcufinder//mcu/
2025-04-14 13:51:56,323 [INFO] DbMcusAds:125 - Set database path to: /Users/haileythill-turke/.stmcufinder/plugins/mcufinder//mcu/
2025-04-14 13:51:56,326 [INFO] CrossReferenceDbSqlite:203 - Set database path to: /Users/haileythill-turke/.stmcufinder/plugins/mcufinder//mcu/cs/
2025-04-14 13:51:56,456 [INFO] RulesReader:64 - Compatibility file has been processed (301 Rules)
2025-04-14 13:51:56,576 [INFO] DbMcusXml:78 - Set database path to: /Applications/STM32CubeIDE.app/Contents/Eclipse/plugins/com.st.stm32cube.common.mx_6.14.0.202502271554//db//mcu/
2025-04-14 13:51:56,576 [INFO] ApiDb:274 - Set plugin database path to: /Applications/STM32CubeIDE.app/Contents/Eclipse/plugins/com.st.stm32cube.common.mx_6.14.0.202502271554//db//plugins/boardmanager/
2025-04-14 13:51:56,576 [INFO] ApiDb:261 - Set plugin images path to: /Applications/STM32CubeIDE.app/Contents/Eclipse/plugins/com.st.stm32cube.common.mx_6.14.0.202502271554//db//plugins/mcufinder/images/
2025-04-14 13:51:56,577 [WARN] DbFile:41 - Overriding database path with different value: /Users/haileythill-turke/.stmcufinder/plugins/mcufinder/ => /Users/haileythill-turke/.stmcufinder/plugins/mcufinder
2025-04-14 13:51:56,577 [INFO] ApiDb:250 - Set database path to: /Users/haileythill-turke/.stmcufinder/plugins/mcufinder//mcu/
2025-04-14 13:51:56,577 [WARN] DbFile:41 - Overriding database path with different value: /Users/haileythill-turke/.stmcufinder/plugins/mcufinder/ => /Users/haileythill-turke/.stmcufinder/plugins/mcufinder
2025-04-14 13:51:56,577 [INFO] DbMcusAds:125 - Set database path to: /Users/haileythill-turke/.stmcufinder/plugins/mcufinder//mcu/
2025-04-14 13:51:56,577 [WARN] DbFile:41 - Overriding database path with different value: /Users/haileythill-turke/.stmcufinder/plugins/mcufinder/ => /Users/haileythill-turke/.stmcufinder/plugins/mcufinder
2025-04-14 13:51:56,577 [WARN] DbFile:41 - Overriding database path with different value: /Users/haileythill-turke/.stmcufinder/plugins/mcufinder/ => /Users/haileythill-turke/.stmcufinder/plugins/mcufinder
2025-04-14 13:51:56,577 [INFO] CrossReferenceDbSqlite:203 - Set database path to: /Users/haileythill-turke/.stmcufinder/plugins/mcufinder//mcu/cs/
2025-04-14 13:51:56,661 [INFO] MainPanel:272 - HeapMemory: 268435456
2025-04-14 13:51:57,576 [INFO] DbMcusXml:78 - Set database path to: /Applications/STM32CubeIDE.app/Contents/Eclipse/plugins/com.st.stm32cube.common.mx_6.14.0.202502271554//db//mcu/
2025-04-14 13:51:57,576 [INFO] ApiDb:274 - Set plugin database path to: /Applications/STM32CubeIDE.app/Contents/Eclipse/plugins/com.st.stm32cube.common.mx_6.14.0.202502271554//db//plugins/boardmanager/
2025-04-14 13:51:57,576 [INFO] ApiDb:261 - Set plugin images path to: /Applications/STM32CubeIDE.app/Contents/Eclipse/plugins/com.st.stm32cube.common.mx_6.14.0.202502271554//db//plugins/mcufinder/images/
2025-04-14 13:51:57,576 [WARN] DbFile:41 - Overriding database path with different value: /Users/haileythill-turke/.stmcufinder/plugins/mcufinder/ => /Users/haileythill-turke/.stmcufinder/plugins/mcufinder
2025-04-14 13:51:57,576 [INFO] ApiDb:250 - Set database path to: /Users/haileythill-turke/.stmcufinder/plugins/mcufinder//mcu/
2025-04-14 13:51:57,576 [WARN] DbFile:41 - Overriding database path with different value: /Users/haileythill-turke/.stmcufinder/plugins/mcufinder/ => /Users/haileythill-turke/.stmcufinder/plugins/mcufinder
2025-04-14 13:51:57,576 [INFO] DbMcusAds:125 - Set database path to: /Users/haileythill-turke/.stmcufinder/plugins/mcufinder//mcu/
2025-04-14 13:51:57,576 [WARN] DbFile:41 - Overriding database path with different value: /Users/haileythill-turke/.stmcufinder/plugins/mcufinder/ => /Users/haileythill-turke/.stmcufinder/plugins/mcufinder
2025-04-14 13:51:57,577 [WARN] DbFile:41 - Overriding database path with different value: /Users/haileythill-turke/.stmcufinder/plugins/mcufinder/ => /Users/haileythill-turke/.stmcufinder/plugins/mcufinder
2025-04-14 13:51:57,577 [INFO] CrossReferenceDbSqlite:203 - Set database path to: /Users/haileythill-turke/.stmcufinder/plugins/mcufinder//mcu/cs/
2025-04-14 13:51:57,599 [INFO] ApplicationProperties:184 - Using Application install path: /Applications/STM32CubeIDE.app/Contents/Eclipse/plugins/com.st.stm32cube.common.mx_6.14.0.202502271554
2025-04-14 13:51:57,600 [INFO] PluginManage:196 - Search for loadable plugins [exclusion list=, ]
2025-04-14 13:51:57,603 [INFO] PluginManage:310 - Check plugin analytics
2025-04-14 13:51:57,776 [INFO] AnalyticsPlugin:253 - Accepted Software Licenses: 
2025-04-14 13:51:57,776 [INFO] AnalyticsPlugin:255 - Accepted CMSIS Pack Licenses: 
2025-04-14 13:51:57,776 [INFO] AnalyticsPlugin:257 - Accepted Firmware Licenses: 
2025-04-14 13:51:57,778 [INFO] PluginManage:359 - Loaded plugin analytics (category:tool,tabindex:-1)
2025-04-14 13:51:57,779 [INFO] PluginManage:310 - Check plugin cadmodel
2025-04-14 13:51:57,784 [INFO] CADModel:105 - Init CAD model plugin
2025-04-14 13:51:57,784 [INFO] PluginManage:359 - Loaded plugin cadmodel (category:power,tabindex:5)
2025-04-14 13:51:57,785 [INFO] PluginManage:310 - Check plugin clock
2025-04-14 13:51:57,794 [INFO] PluginManage:359 - Loaded plugin clock (category:base,tabindex:2)
2025-04-14 13:51:57,795 [INFO] PluginManage:310 - Check plugin ddr
2025-04-14 13:51:57,798 [INFO] PluginManage:359 - Loaded plugin ddr (category:tool,tabindex:6)
2025-04-14 13:51:57,798 [INFO] PluginManage:310 - Check plugin filemanager
2025-04-14 13:51:57,950 [INFO] PluginManage:359 - Loaded plugin filemanager (category:base,tabindex:10)
2025-04-14 13:51:57,951 [INFO] PluginManage:310 - Check plugin ipmanager
2025-04-14 13:51:57,957 [INFO] PluginManage:359 - Loaded plugin ipmanager (category:base,tabindex:5)
2025-04-14 13:51:57,957 [INFO] PluginManage:310 - Check plugin lpbam
2025-04-14 13:51:57,967 [INFO] PluginManage:359 - Loaded plugin lpbam (category:base,tabindex:0)
2025-04-14 13:51:57,967 [INFO] PluginManage:310 - Check plugin memorymap
2025-04-14 13:51:57,983 [INFO] PluginManage:359 - Loaded plugin memorymap (category:base,tabindex:4)
2025-04-14 13:51:57,983 [INFO] PluginManage:310 - Check plugin pinoutandconfiguration
2025-04-14 13:51:57,993 [INFO] PluginManage:359 - Loaded plugin pinoutandconfiguration (category:base,tabindex:1)
2025-04-14 13:51:57,993 [INFO] PluginManage:310 - Check plugin pinoutconfig
2025-04-14 13:51:58,088 [WARN] SupportedApi:132 - Cannot load RTOS API schema: s4s-elt-must-match.1: The content of 'definitions' must match (annotation?, (simpleType | complexType)?, (unique | key | keyref)*)). A problem was found starting at: attribute.
2025-04-14 13:51:58,232 [INFO] PluginManage:359 - Loaded plugin pinoutconfig (category:base,tabindex:0)
2025-04-14 13:51:58,232 [INFO] PluginManage:310 - Check plugin power
2025-04-14 13:51:58,243 [INFO] PluginManage:359 - Loaded plugin power (category:power,tabindex:4)
2025-04-14 13:51:58,243 [INFO] PluginManage:310 - Check plugin projectmanager
2025-04-14 13:51:58,257 [INFO] PluginManage:359 - Loaded plugin projectmanager (category:projectmanager,tabindex:4)
2025-04-14 13:51:58,257 [INFO] PluginManage:310 - Check plugin rif
2025-04-14 13:51:58,265 [INFO] PluginManage:359 - Loaded plugin rif (category:base,tabindex:3)
2025-04-14 13:51:58,265 [INFO] PluginManage:310 - Check plugin thirdparty
2025-04-14 13:51:58,392 [INFO] PluginManage:359 - Loaded plugin thirdparty (category:base,tabindex:-1)
2025-04-14 13:51:58,392 [WARN] IntegrityCheckThread:84 - waiting for thirdparty lock release [integrity check]
2025-04-14 13:51:58,392 [INFO] PluginManage:310 - Check plugin tools
2025-04-14 13:51:58,392 [INFO] IntegrityCheckThread:86 - entering critical section [integrity check]
2025-04-14 13:51:58,392 [INFO] ThirdPartyUpdaterWithRetryManager:70 - Updater plugin not ready yet. [1/15]
2025-04-14 13:51:58,394 [INFO] PluginManage:359 - Loaded plugin tools (category:base,tabindex:7)
2025-04-14 13:51:58,394 [INFO] PluginManage:310 - Check plugin tutovideos
2025-04-14 13:51:58,578 [INFO] PluginManage:359 - Loaded plugin tutovideos (category:base,tabindex:-1)
2025-04-14 13:51:58,579 [INFO] PluginManage:310 - Check plugin updater
2025-04-14 13:51:58,603 [INFO] PluginManage:359 - Loaded plugin updater (category:base,tabindex:12)
2025-04-14 13:51:58,603 [INFO] PluginManage:310 - Check plugin userauth
2025-04-14 13:51:58,608 [INFO] UserAuth:118 - Init User Auth plugin
2025-04-14 13:51:58,609 [INFO] PluginManage:359 - Loaded plugin userauth (category:base,tabindex:14)
2025-04-14 13:51:58,609 [INFO] PluginManage:283 - PluginManage : Loaded plugins [18]
2025-04-14 13:51:58,897 [INFO] PinOutPanel:1589 - setPackage(No Configuration,No Configuration)
2025-04-14 13:51:58,980 [INFO] CADModel:165 - CPN selected for project level
2025-04-14 13:51:58,981 [INFO] CADModel:114 - Register for checkConnection events
2025-04-14 13:51:58,996 [INFO] IPUIPlugin:80 - create IPUIPlugin
2025-04-14 13:51:58,996 [INFO] PluginManager:220 - loadIPPluginJar : add mdma
2025-04-14 13:51:59,004 [INFO] IPUIPlugin:80 - create IPUIPlugin
2025-04-14 13:51:59,005 [INFO] PluginManager:220 - loadIPPluginJar : add freertos
2025-04-14 13:51:59,010 [INFO] IPUIPlugin:80 - create IPUIPlugin
2025-04-14 13:51:59,011 [INFO] PluginManager:220 - loadIPPluginJar : add gic
2025-04-14 13:51:59,022 [INFO] IPUIPlugin:80 - create IPUIPlugin
2025-04-14 13:51:59,022 [INFO] PluginManager:220 - loadIPPluginJar : add adc
2025-04-14 13:51:59,025 [INFO] IPUIPlugin:80 - create IPUIPlugin
2025-04-14 13:51:59,025 [INFO] PluginManager:220 - loadIPPluginJar : add gtzc
2025-04-14 13:51:59,027 [INFO] IPUIPlugin:80 - create IPUIPlugin
2025-04-14 13:51:59,027 [INFO] PluginManager:220 - loadIPPluginJar : add quadspi
2025-04-14 13:51:59,030 [INFO] IPUIPlugin:80 - create IPUIPlugin
2025-04-14 13:51:59,030 [INFO] PluginManager:220 - loadIPPluginJar : add aes
2025-04-14 13:51:59,033 [INFO] IPUIPlugin:80 - create IPUIPlugin
2025-04-14 13:51:59,033 [INFO] PluginManager:220 - loadIPPluginJar : add pdm2pcm
2025-04-14 13:51:59,035 [INFO] IPUIPlugin:80 - create IPUIPlugin
2025-04-14 13:51:59,035 [INFO] PluginManager:220 - loadIPPluginJar : add hash
2025-04-14 13:51:59,036 [INFO] IPUIPlugin:80 - create IPUIPlugin
2025-04-14 13:51:59,036 [INFO] PluginManager:220 - loadIPPluginJar : add tim
2025-04-14 13:51:59,038 [INFO] IPUIPlugin:80 - create IPUIPlugin
2025-04-14 13:51:59,038 [INFO] PluginManager:220 - loadIPPluginJar : add tsc
2025-04-14 13:51:59,041 [INFO] IPUIPlugin:80 - create IPUIPlugin
2025-04-14 13:51:59,041 [INFO] PluginManager:220 - loadIPPluginJar : add extmemmanager
2025-04-14 13:51:59,043 [INFO] IPUIPlugin:80 - create IPUIPlugin
2025-04-14 13:51:59,043 [INFO] PluginManager:220 - loadIPPluginJar : add ts
2025-04-14 13:51:59,045 [INFO] IPUIPlugin:80 - create IPUIPlugin
2025-04-14 13:51:59,045 [INFO] PluginManager:220 - loadIPPluginJar : add radio
2025-04-14 13:51:59,048 [INFO] IPUIPlugin:80 - create IPUIPlugin
2025-04-14 13:51:59,048 [INFO] PluginManager:220 - loadIPPluginJar : add can
2025-04-14 13:51:59,051 [INFO] IPUIPlugin:80 - create IPUIPlugin
2025-04-14 13:51:59,051 [INFO] PluginManager:220 - loadIPPluginJar : add dma3
2025-04-14 13:51:59,053 [INFO] IPUIPlugin:80 - create IPUIPlugin
2025-04-14 13:51:59,053 [INFO] PluginManager:220 - loadIPPluginJar : add dfsdm
2025-04-14 13:51:59,056 [INFO] IPUIPlugin:80 - create IPUIPlugin
2025-04-14 13:51:59,056 [INFO] PluginManager:220 - loadIPPluginJar : add spi
2025-04-14 13:51:59,058 [INFO] IPUIPlugin:80 - create IPUIPlugin
2025-04-14 13:51:59,059 [INFO] PluginManager:220 - loadIPPluginJar : add gfxmmu
2025-04-14 13:51:59,060 [INFO] IPUIPlugin:80 - create IPUIPlugin
2025-04-14 13:51:59,060 [INFO] PluginManager:220 - loadIPPluginJar : add genericplugin
2025-04-14 13:51:59,062 [INFO] IPUIPlugin:80 - create IPUIPlugin
2025-04-14 13:51:59,062 [INFO] PluginManager:220 - loadIPPluginJar : add cryp
2025-04-14 13:51:59,067 [INFO] IPUIPlugin:80 - create IPUIPlugin
2025-04-14 13:51:59,067 [INFO] PluginManager:220 - loadIPPluginJar : add gpio
2025-04-14 13:51:59,071 [INFO] IPUIPlugin:80 - create IPUIPlugin
2025-04-14 13:51:59,071 [INFO] PluginManager:220 - loadIPPluginJar : add ddr_ctrl_phy
2025-04-14 13:51:59,072 [INFO] IPUIPlugin:80 - create IPUIPlugin
2025-04-14 13:51:59,073 [INFO] PluginManager:220 - loadIPPluginJar : add comp
2025-04-14 13:51:59,076 [INFO] IPUIPlugin:80 - create IPUIPlugin
2025-04-14 13:51:59,076 [INFO] PluginManager:220 - loadIPPluginJar : add tracer_emb
2025-04-14 13:51:59,079 [INFO] IPUIPlugin:80 - create IPUIPlugin
2025-04-14 13:51:59,079 [INFO] PluginManager:220 - loadIPPluginJar : add openamp
2025-04-14 13:51:59,086 [INFO] IPUIPlugin:80 - create IPUIPlugin
2025-04-14 13:51:59,086 [INFO] PluginManager:220 - loadIPPluginJar : add stm32_wpan
2025-04-14 13:51:59,092 [INFO] IPUIPlugin:80 - create IPUIPlugin
2025-04-14 13:51:59,095 [INFO] PluginManager:220 - loadIPPluginJar : add plateformsettings
2025-04-14 13:51:59,099 [INFO] IPUIPlugin:80 - create IPUIPlugin
2025-04-14 13:51:59,099 [INFO] PluginManager:220 - loadIPPluginJar : add ipddr
2025-04-14 13:51:59,101 [INFO] IPUIPlugin:80 - create IPUIPlugin
2025-04-14 13:51:59,101 [INFO] PluginManager:220 - loadIPPluginJar : add usart
2025-04-14 13:51:59,103 [INFO] IPUIPlugin:80 - create IPUIPlugin
2025-04-14 13:51:59,103 [INFO] PluginManager:220 - loadIPPluginJar : add ltdc
2025-04-14 13:51:59,107 [INFO] IPUIPlugin:80 - create IPUIPlugin
2025-04-14 13:51:59,108 [INFO] PluginManager:220 - loadIPPluginJar : add nvic
2025-04-14 13:51:59,110 [INFO] IPUIPlugin:80 - create IPUIPlugin
2025-04-14 13:51:59,110 [INFO] PluginManager:220 - loadIPPluginJar : add fatfs
2025-04-14 13:51:59,117 [INFO] IPUIPlugin:80 - create IPUIPlugin
2025-04-14 13:51:59,117 [INFO] PluginManager:220 - loadIPPluginJar : add linkedlist
2025-04-14 13:51:59,122 [INFO] IPUIPlugin:80 - create IPUIPlugin
2025-04-14 13:51:59,122 [INFO] PluginManager:220 - loadIPPluginJar : add dma
2025-04-14 13:51:59,126 [INFO] IPUIPlugin:80 - create IPUIPlugin
2025-04-14 13:51:59,126 [INFO] PluginManager:220 - loadIPPluginJar : add fmc
2025-04-14 13:51:59,129 [INFO] IPUIPlugin:80 - create IPUIPlugin
2025-04-14 13:51:59,129 [INFO] PluginManager:220 - loadIPPluginJar : add i2s
2025-04-14 13:51:59,130 [INFO] IPUIPlugin:80 - create IPUIPlugin
2025-04-14 13:51:59,131 [INFO] PluginManager:220 - loadIPPluginJar : add ucpd
2025-04-14 13:51:59,133 [INFO] IPUIPlugin:80 - create IPUIPlugin
2025-04-14 13:51:59,133 [INFO] PluginManager:220 - loadIPPluginJar : add lorawan
2025-04-14 13:51:59,135 [INFO] IPUIPlugin:80 - create IPUIPlugin
2025-04-14 13:51:59,135 [INFO] PluginManager:220 - loadIPPluginJar : add opamp
2025-04-14 13:51:59,138 [INFO] IPUIPlugin:80 - create IPUIPlugin
2025-04-14 13:51:59,138 [INFO] PluginManager:220 - loadIPPluginJar : add i3c
2025-04-14 13:51:59,141 [INFO] IPUIPlugin:80 - create IPUIPlugin
2025-04-14 13:51:59,141 [INFO] PluginManager:220 - loadIPPluginJar : add touchsensing
2025-04-14 13:51:59,144 [INFO] IPUIPlugin:80 - create IPUIPlugin
2025-04-14 13:51:59,144 [INFO] PluginManager:220 - loadIPPluginJar : add i2c
2025-04-14 13:51:59,148 [INFO] IPUIPlugin:80 - create IPUIPlugin
2025-04-14 13:51:59,148 [INFO] PluginManager:220 - loadIPPluginJar : add resmgrutility
2025-04-14 13:51:59,151 [INFO] IPUIPlugin:80 - create IPUIPlugin
2025-04-14 13:51:59,151 [INFO] PluginManager:220 - loadIPPluginJar : add sai
2025-04-14 13:51:59,154 [INFO] IPUIPlugin:80 - create IPUIPlugin
2025-04-14 13:51:59,154 [INFO] PluginManager:220 - loadIPPluginJar : add usbx
2025-04-14 13:51:59,255 [FATAL] Updater:351 - Updater called before beeing initialized
2025-04-14 13:51:59,280 [INFO] RulesReader:64 - Compatibility file has been processed (301 Rules)
2025-04-14 13:51:59,290 [INFO] RulesReader:64 - Compatibility file has been processed (301 Rules)
2025-04-14 13:51:59,296 [INFO] CADModel:165 - CPN selected for project level
2025-04-14 13:51:59,296 [INFO] CADModel:114 - Register for checkConnection events
2025-04-14 13:51:59,296 [FATAL] Updater:351 - Updater called before beeing initialized
2025-04-14 13:51:59,296 [ERROR] CADModel:125 - Updater not yet initialized, retry later 
2025-04-14 13:51:59,487 [FATAL] Updater:351 - Updater called before beeing initialized
2025-04-14 13:51:59,490 [INFO] CADModel:165 - CPN selected for project level
2025-04-14 13:51:59,490 [INFO] CADModel:114 - Register for checkConnection events
2025-04-14 13:51:59,490 [FATAL] Updater:351 - Updater called before beeing initialized
2025-04-14 13:51:59,490 [ERROR] CADModel:125 - Updater not yet initialized, retry later 
2025-04-14 13:51:59,495 [FATAL] Updater:351 - Updater called before beeing initialized
2025-04-14 13:51:59,562 [FATAL] Updater:351 - Updater called before beeing initialized
2025-04-14 13:51:59,567 [INFO] DbMcusAds:53 - JSON generation date=Fri Mar 07 01:54:21 AEDT 2025 (1741272861825)
2025-04-14 13:51:59,567 [FATAL] Updater:351 - Updater called before beeing initialized
2025-04-14 13:51:59,623 [WARN] DetailPanel:346 - Failed to get advertising image, set to default
2025-04-14 13:51:59,888 [FATAL] Updater:351 - Updater called before beeing initialized
2025-04-14 13:51:59,890 [FATAL] Updater:351 - Updater called before beeing initialized
2025-04-14 13:51:59,890 [FATAL] Updater:351 - Updater called before beeing initialized
2025-04-14 13:51:59,890 [WARN] DetailPanel:346 - Failed to get advertising image, set to default
2025-04-14 13:51:59,891 [FATAL] Updater:351 - Updater called before beeing initialized
2025-04-14 13:51:59,924 [ERROR] Updater:1198 - MainUpdater not yet initialized. External WinMGr cannot be set.
2025-04-14 13:51:59,926 [INFO] Updater:1134 - Updater Version found : 6.14.0
2025-04-14 13:51:59,948 [INFO] ApplicationProperties:184 - Using Application install path: /Applications/STM32CubeIDE.app/Contents/Eclipse/plugins/com.st.stm32cube.common.mx_6.14.0.202502271554
2025-04-14 13:52:00,268 [INFO] MainUpdater:2872 - connection check result : 10
2025-04-14 13:52:00,269 [INFO] MainUpdater:3566 - Updater definition file requires update
2025-04-14 13:52:00,269 [INFO] MainUpdater:289 - Updater Check For Update Now.
2025-04-14 13:52:00,269 [INFO] MicroXplorer:498 - Change Database Version : DB.6.0.140
2025-04-14 13:52:00,276 [INFO] McuFinderGlobals:63 - Set McuFinder mode to 2 (CubeIDE integrated)
2025-04-14 13:52:00,276 [INFO] UserAuth:171 - activating auth plugin
2025-04-14 13:52:00,279 [INFO] UserAuth:486 - Internet connection configuration mode: 1
2025-04-14 13:52:00,296 [INFO] ServerAccessManage:473 - Download File updaters.zip
2025-04-14 13:52:00,310 [INFO] JxBrowserEngine:152 - Initiate JxBrowser Engine with user profile folder
2025-04-14 13:52:00,377 [INFO] FileExtend:242 - Unzip File : updaters.zip
2025-04-14 13:52:00,377 [INFO] FileExtend:257 - Standard Zip Deflate
2025-04-14 13:52:00,811 [INFO] ServerAccessManage:473 - Download File PacksControlFlags.xml
2025-04-14 13:52:00,884 [INFO] ServerAccessManage:473 - Download File cubemx.pidx
2025-04-14 13:52:00,982 [INFO] LoadServerUpdatesThread:375 - End of LoadServerUpdate Thread
2025-04-14 13:52:01,160 [INFO] CheckServerUpdateThread:120 - End of CheckServer Thread
2025-04-14 13:52:01,581 [WARN] PackLoader:240 - Cannot read IP mode file for STMicroelectronics.FP-SNS-MOTENVWB1.1.4.0
2025-04-14 13:52:01,596 [WARN] PackLoader:240 - Cannot read IP mode file for STMicroelectronics.FP-ATR-ASTRA1.2.0.2
2025-04-14 13:52:01,605 [WARN] PackLoader:240 - Cannot read IP mode file for STMicroelectronics.X-CUBE-SMBUS.2.1.0
2025-04-14 13:52:01,611 [WARN] PackLoader:240 - Cannot read IP mode file for STMicroelectronics.X-CUBE-WB05N.1.1.0
2025-04-14 13:52:01,651 [WARN] PackLoader:240 - Cannot read IP mode file for STMicroelectronics.X-CUBE-AZRTOS-F7.1.1.0
2025-04-14 13:52:01,658 [WARN] PackLoader:240 - Cannot read IP mode file for STMicroelectronics.FP-SNS-FLIGHT1.5.0.2
2025-04-14 13:52:01,684 [WARN] PackLoader:240 - Cannot read IP mode file for Infineon.AIROC-Wi-Fi-Bluetooth-STM32.1.7.0
2025-04-14 13:52:01,697 [WARN] PackLoader:240 - Cannot read IP mode file for STMicroelectronics.X-CUBE-DISPLAY.3.0.0
2025-04-14 13:52:01,707 [WARN] PackLoader:240 - Cannot read IP mode file for STMicroelectronics.X-CUBE-BLE1.7.0.0
2025-04-14 13:52:01,715 [WARN] PackLoader:240 - Cannot read IP mode file for STMicroelectronics.X-CUBE-NFC10.1.0.0
2025-04-14 13:52:01,727 [WARN] PackLoader:240 - Cannot read IP mode file for STMicroelectronics.X-CUBE-BLEMGR.4.0.0
2025-04-14 13:52:01,736 [WARN] PackLoader:240 - Cannot read IP mode file for emotas.I-CUBE-CANOPEN.1.3.0
2025-04-14 13:52:01,740 [WARN] PackLoader:240 - Cannot read IP mode file for STMicroelectronics.X-CUBE-AI.10.0.0
2025-04-14 13:52:01,750 [WARN] PackLoader:240 - Cannot read IP mode file for STMicroelectronics.FP-SNS-SMARTAG2.1.2.0
2025-04-14 13:52:01,755 [WARN] PackLoader:240 - Cannot read IP mode file for STMicroelectronics.FP-SNS-FLIGHT1.5.1.0
2025-04-14 13:52:01,832 [WARN] PackLoader:240 - Cannot read IP mode file for STMicroelectronics.X-CUBE-MEMS1.11.1.0
2025-04-14 13:52:02,041 [INFO] LogOutputStream:77 - [STDOUT_REDIRECT] 1 : Invalid condition id : UX_CORESTACK_Condition cause : null
2025-04-14 13:52:02,041 [INFO] LogOutputStream:77 - [STDOUT_REDIRECT] 1 : Invalid condition id : UX_CORESTACK_Condition cause : null
2025-04-14 13:52:02,041 [INFO] LogOutputStream:77 - [STDOUT_REDIRECT] 1 : Invalid condition id : UX_CORESTACK_Condition cause : null
2025-04-14 13:52:02,041 [INFO] LogOutputStream:77 - [STDOUT_REDIRECT] 1 : Invalid condition id : UX_CORESTACK_Condition cause : null
2025-04-14 13:52:02,042 [INFO] LogOutputStream:77 - [STDOUT_REDIRECT] 1 : Invalid condition id : UX_CORESTACK_Condition cause : null
2025-04-14 13:52:02,045 [WARN] PackLoader:240 - Cannot read IP mode file for STMicroelectronics.X-CUBE-AZRTOS-WL.2.0.0
2025-04-14 13:52:02,050 [WARN] PackLoader:240 - Cannot read IP mode file for STMicroelectronics.FP-SNS-MOTENV1.5.0.0
2025-04-14 13:52:02,056 [WARN] PackLoader:240 - Cannot read IP mode file for WES.I-CUBE-Cesium.1.3.0
2025-04-14 13:52:02,060 [WARN] PackLoader:240 - Cannot read IP mode file for STMicroelectronics.X-CUBE-BLE2.3.3.0
2025-04-14 13:52:02,066 [WARN] PackLoader:240 - Cannot read IP mode file for STMicroelectronics.X-CUBE-NFC9.1.0.0
2025-04-14 13:52:02,071 [WARN] PackLoader:240 - Cannot read IP mode file for STMicroelectronics.X-CUBE-BLE1.7.1.0
2025-04-14 13:52:02,074 [WARN] PackLoader:240 - Cannot read IP mode file for wolfSSL.I-CUBE-wolfMQTT.1.19.2
2025-04-14 13:52:02,137 [WARN] PackLoader:240 - Cannot read IP mode file for STMicroelectronics.X-CUBE-AZRTOS-G0.1.1.0
2025-04-14 13:52:02,168 [WARN] PackLoader:240 - Cannot read IP mode file for STMicroelectronics.X-CUBE-SAFEA1.1.2.2
2025-04-14 13:52:02,175 [WARN] PackLoader:240 - Cannot read IP mode file for STMicroelectronics.X-CUBE-NFC4.3.0.0
2025-04-14 13:52:02,187 [WARN] PackLoader:240 - Cannot read IP mode file for EmbeddedOffice.I-CUBE-FS-RTOS.1.0.1
2025-04-14 13:52:02,192 [WARN] PackLoader:240 - Cannot read IP mode file for wolfSSL.I-CUBE-wolfTPM.3.8.0
2025-04-14 13:52:02,199 [WARN] PackLoader:240 - Cannot read IP mode file for STMicroelectronics.X-CUBE-TCPP.4.2.0
2025-04-14 13:52:02,209 [WARN] PackLoader:240 - Cannot read IP mode file for RealThread.X-CUBE-RT-Thread_Nano.4.1.1
2025-04-14 13:52:02,213 [WARN] PackLoader:240 - Cannot read IP mode file for STMicroelectronics.FP-ATR-SIGFOX1.3.2.0
2025-04-14 13:52:02,217 [WARN] ConditionMgr:438 - getConditionDescription Invalid condition id : Cortex-A Device cause : null
2025-04-14 13:52:02,225 [WARN] ConditionMgr:1044 - genDependencies : Invalid condition id : Cortex-A Device cause : null
2025-04-14 13:52:02,225 [WARN] ConditionMgr:1044 - genDependencies : Invalid condition id : Cortex-A Device cause : null
2025-04-14 13:52:02,225 [WARN] ConditionMgr:1044 - genDependencies : Invalid condition id : Cortex-A Device cause : null
2025-04-14 13:52:02,230 [WARN] PackLoader:240 - Cannot read IP mode file for STMicroelectronics.X-CUBE-EEPRMA1.5.1.0
2025-04-14 13:52:02,235 [WARN] PackLoader:240 - Cannot read IP mode file for wolfSSL.I-CUBE-wolfSSL.5.7.6
2025-04-14 13:52:02,240 [WARN] PackLoader:240 - Cannot read IP mode file for ITTIA_DB.I-CUBE-ITTIADB.8.9.0
2025-04-14 13:52:02,280 [WARN] PackLoader:240 - Cannot read IP mode file for SEGGER.I-CUBE-embOS.1.3.1
2025-04-14 13:52:02,434 [WARN] PackLoader:240 - Cannot read IP mode file for STMicroelectronics.X-CUBE-ALGOBUILD.1.4.0
2025-04-14 13:52:02,478 [WARN] PackLoader:240 - Cannot read IP mode file for STMicroelectronics.X-CUBE-AZRTOS-F4.1.1.0
2025-04-14 13:52:02,507 [WARN] PackLoader:240 - Cannot read IP mode file for STMicroelectronics.X-CUBE-ISPU.2.1.0
2025-04-14 13:52:02,609 [WARN] PackLoader:240 - Cannot read IP mode file for STMicroelectronics.X-CUBE-AZRTOS-L5.2.0.0
2025-04-14 13:52:02,642 [WARN] PackLoader:240 - Cannot read IP mode file for STMicroelectronics.X-CUBE-NFC6.3.1.0
2025-04-14 13:52:02,681 [WARN] PackLoader:240 - Cannot read IP mode file for STMicroelectronics.X-CUBE-DPower.1.2.0
2025-04-14 13:52:02,684 [INFO] WebApp:169 - Instantiating new browser for Auth
2025-04-14 13:52:02,720 [WARN] PackLoader:240 - Cannot read IP mode file for STMicroelectronics.X-CUBE-FREERTOS.1.3.0
2025-04-14 13:52:02,776 [WARN] PackLoader:240 - Cannot read IP mode file for STMicroelectronics.X-CUBE-NFC7.1.0.1
2025-04-14 13:52:02,823 [WARN] PackLoader:240 - Cannot read IP mode file for STMicroelectronics.X-CUBE-DPower.1.3.0
2025-04-14 13:52:02,941 [WARN] ConditionMgr:438 - getConditionDescription Invalid condition id : LAN8742 Phy interface Condition cause : null
2025-04-14 13:52:02,952 [WARN] PackLoader:240 - Cannot read IP mode file for STMicroelectronics.X-CUBE-AZRTOS-L4.2.0.0
2025-04-14 13:52:02,973 [WARN] ConditionMgr:1044 - genDependencies : Invalid condition id : LAN8742 Phy interface Condition cause : null
2025-04-14 13:52:02,993 [WARN] ConditionMgr:1044 - genDependencies : Invalid condition id : LAN8742 Phy interface Condition cause : null
2025-04-14 13:52:03,012 [WARN] ConditionMgr:1044 - genDependencies : Invalid condition id : LAN8742 Phy interface Condition cause : null
2025-04-14 13:52:03,143 [WARN] PackLoader:240 - Cannot read IP mode file for STMicroelectronics.X-CUBE-SFXS2LP1.4.0.0
2025-04-14 13:52:03,210 [WARN] PackLoader:240 - Cannot read IP mode file for STMicroelectronics.X-CUBE-AZRTOS-H7.3.3.0
2025-04-14 13:52:03,287 [WARN] ConditionMgr:438 - getConditionDescription Invalid condition id : UX DEVICE CLASS RTOS Condition cause : null
2025-04-14 13:52:03,306 [WARN] ConditionMgr:438 - getConditionDescription Invalid condition id : UX DEVICE CLASS RTOS Condition cause : null
2025-04-14 13:52:03,344 [WARN] PackLoader:240 - Cannot read IP mode file for STMicroelectronics.X-CUBE-AZRTOS-WB.2.0.0
2025-04-14 13:52:03,362 [WARN] ConditionMgr:1044 - genDependencies : Invalid condition id : UX DEVICE CLASS RTOS Condition cause : null
2025-04-14 13:52:03,380 [WARN] ConditionMgr:1044 - genDependencies : Invalid condition id : UX DEVICE CLASS RTOS Condition cause : null
2025-04-14 13:52:03,399 [WARN] ConditionMgr:1044 - genDependencies : Invalid condition id : UX DEVICE CLASS RTOS Condition cause : null
2025-04-14 13:52:03,418 [WARN] ConditionMgr:1044 - genDependencies : Invalid condition id : UX DEVICE CLASS RTOS Condition cause : null
2025-04-14 13:52:03,438 [WARN] ConditionMgr:1044 - genDependencies : Invalid condition id : UX DEVICE CLASS RTOS Condition cause : null
2025-04-14 13:52:03,478 [WARN] PackLoader:240 - Cannot read IP mode file for STMicroelectronics.X-CUBE-GNSS1.7.0.1
2025-04-14 13:52:03,553 [WARN] PackLoader:240 - Cannot read IP mode file for STMicroelectronics.X-CUBE-TOUCHGFX.4.25.0
2025-04-14 13:52:03,611 [WARN] PackLoader:240 - Cannot read IP mode file for STMicroelectronics.FP-SNS-STBOX1.2.0.0
2025-04-14 13:52:03,691 [WARN] PackLoader:240 - Cannot read IP mode file for STMicroelectronics.X-CUBE-SUBG2.5.0.0
2025-04-14 13:52:03,785 [INFO] WebApp:463 - Apply proxy settings
2025-04-14 13:52:03,818 [INFO] WebApp:508 - Chromium authenticates against Manually configured proxy
2025-04-14 13:52:03,839 [WARN] PackLoader:240 - Cannot read IP mode file for STMicroelectronics.X-CUBE-AZRTOS-H7RS.1.1.0
2025-04-14 13:52:03,844 [INFO] WebApp:516 - Username used for proxy authentication: 
2025-04-14 13:52:03,925 [INFO] WebApp:894 - Register for checkConnection events
2025-04-14 13:52:03,954 [INFO] WebApp:463 - Apply proxy settings
2025-04-14 13:52:03,975 [INFO] WebApp:508 - Chromium authenticates against Manually configured proxy
2025-04-14 13:52:03,991 [WARN] PackLoader:240 - Cannot read IP mode file for Cesanta.I-CUBE-Mongoose.7.13.0
2025-04-14 13:52:03,991 [INFO] WebApp:516 - Username used for proxy authentication: 
2025-04-14 13:52:04,035 [WARN] PackLoader:240 - Cannot read IP mode file for STMicroelectronics.X-CUBE-AZRTOS-G4.2.0.0
2025-04-14 13:52:04,133 [WARN] PackLoader:240 - Cannot read IP mode file for wolfSSL.I-CUBE-wolfSSH.1.4.20
2025-04-14 13:52:04,248 [INFO] WebApp:225 - Starting web application
2025-04-14 13:52:04,310 [INFO] WebApp:593 - Web application path used /Applications/STM32CubeIDE.app/Contents/Eclipse/plugins/com.st.stm32cube.common.mx_6.14.0.202502271554/db/plugins/mcufinder/reactClient1/index.html
2025-04-14 13:52:04,313 [WARN] PackLoader:240 - Cannot read IP mode file for STMicroelectronics.X-CUBE-IPS.3.1.0
2025-04-14 13:52:04,429 [WARN] PackLoader:240 - Cannot read IP mode file for STMicroelectronics.X-CUBE-ALS.1.0.2
2025-04-14 13:52:04,483 [WARN] PackLoader:240 - Cannot read IP mode file for STMicroelectronics.X-CUBE-TOUCHGFX.4.24.2
2025-04-14 13:52:04,597 [WARN] PackLoader:240 - Cannot read IP mode file for portGmbH.I-Cube-SoM-uGOAL.1.1.0
2025-04-14 13:52:04,668 [WARN] PackLoader:240 - Cannot read IP mode file for STMicroelectronics.X-CUBE-AZRTOS-H7RS.1.0.0
2025-04-14 13:52:04,735 [WARN] PackLoader:240 - Cannot read IP mode file for STMicroelectronics.X-CUBE-TOF1.3.4.2
2025-04-14 13:52:04,767 [INFO] ThirdParty:978 - Integrity check success = true
2025-04-14 13:52:04,785 [INFO] IntegrityCheckThread:100 - exiting critical section [integrity check]
2025-04-14 13:52:04,786 [INFO] IntegrityCheckThread:103 - End integrity checks thread
2025-04-14 13:52:05,009 [INFO] WebApp:191 - Connection restablished
2025-04-14 16:37:43,324 [ERROR] LogOutputStream:75 - [STDERR_REDIRECT] 
