2025-04-03 20:52:35,684 [INFO] Activator:176 - 


2025-04-03 20:52:35,686 [INFO] Activator:177 - !SESSION log4j initialized
2025-04-03 20:52:36,698 [ERROR] LogOutputStream:75 - [STDERR_REDIRECT] 
2025-04-03 20:52:38,482 [INFO] LogOutputStream:77 - [STDOUT_REDIRECT] 
2025-04-03 20:52:40,610 [INFO] ApplicationProperties:184 - Using Application install path: /Applications/STM32CubeIDE.app/Contents/Eclipse/plugins/com.st.stm32cube.common.mx_6.14.0.202502271554
2025-04-03 20:52:40,629 [INFO] DbMcusXml:78 - Set database path to: /Applications/STM32CubeIDE.app/Contents/Eclipse/plugins/com.st.stm32cube.common.mx_6.14.0.202502271554//db//mcu/
2025-04-03 20:52:40,630 [INFO] ApiDb:274 - Set plugin database path to: /Applications/STM32CubeIDE.app/Contents/Eclipse/plugins/com.st.stm32cube.common.mx_6.14.0.202502271554//db//plugins/boardmanager/
2025-04-03 20:52:40,630 [WARN] ApiDb:259 - Overriding images path with different value:  => /Applications/STM32CubeIDE.app/Contents/Eclipse/plugins/com.st.stm32cube.common.mx_6.14.0.202502271554//db//plugins/mcufinder/images/
2025-04-03 20:52:40,638 [INFO] ApiDb:250 - Set database path to: /Users/haileythill-turke/.stmcufinder/plugins/mcufinder//mcu/
2025-04-03 20:52:40,639 [INFO] DbMcusAds:125 - Set database path to: /Users/haileythill-turke/.stmcufinder/plugins/mcufinder//mcu/
2025-04-03 20:52:40,641 [INFO] CrossReferenceDbSqlite:203 - Set database path to: /Users/haileythill-turke/.stmcufinder/plugins/mcufinder//mcu/cs/
2025-04-03 20:52:40,751 [INFO] RulesReader:64 - Compatibility file has been processed (301 Rules)
2025-04-03 20:52:40,844 [INFO] DbMcusXml:78 - Set database path to: /Applications/STM32CubeIDE.app/Contents/Eclipse/plugins/com.st.stm32cube.common.mx_6.14.0.202502271554//db//mcu/
2025-04-03 20:52:40,844 [INFO] ApiDb:274 - Set plugin database path to: /Applications/STM32CubeIDE.app/Contents/Eclipse/plugins/com.st.stm32cube.common.mx_6.14.0.202502271554//db//plugins/boardmanager/
2025-04-03 20:52:40,845 [INFO] ApiDb:261 - Set plugin images path to: /Applications/STM32CubeIDE.app/Contents/Eclipse/plugins/com.st.stm32cube.common.mx_6.14.0.202502271554//db//plugins/mcufinder/images/
2025-04-03 20:52:40,845 [WARN] DbFile:41 - Overriding database path with different value: /Users/haileythill-turke/.stmcufinder/plugins/mcufinder/ => /Users/haileythill-turke/.stmcufinder/plugins/mcufinder
2025-04-03 20:52:40,845 [INFO] ApiDb:250 - Set database path to: /Users/haileythill-turke/.stmcufinder/plugins/mcufinder//mcu/
2025-04-03 20:52:40,845 [WARN] DbFile:41 - Overriding database path with different value: /Users/haileythill-turke/.stmcufinder/plugins/mcufinder/ => /Users/haileythill-turke/.stmcufinder/plugins/mcufinder
2025-04-03 20:52:40,845 [INFO] DbMcusAds:125 - Set database path to: /Users/haileythill-turke/.stmcufinder/plugins/mcufinder//mcu/
2025-04-03 20:52:40,845 [WARN] DbFile:41 - Overriding database path with different value: /Users/haileythill-turke/.stmcufinder/plugins/mcufinder/ => /Users/haileythill-turke/.stmcufinder/plugins/mcufinder
2025-04-03 20:52:40,845 [WARN] DbFile:41 - Overriding database path with different value: /Users/haileythill-turke/.stmcufinder/plugins/mcufinder/ => /Users/haileythill-turke/.stmcufinder/plugins/mcufinder
2025-04-03 20:52:40,845 [INFO] CrossReferenceDbSqlite:203 - Set database path to: /Users/haileythill-turke/.stmcufinder/plugins/mcufinder//mcu/cs/
2025-04-03 20:52:40,930 [INFO] MainPanel:272 - HeapMemory: 268435456
2025-04-03 20:52:41,828 [INFO] DbMcusXml:78 - Set database path to: /Applications/STM32CubeIDE.app/Contents/Eclipse/plugins/com.st.stm32cube.common.mx_6.14.0.202502271554//db//mcu/
2025-04-03 20:52:41,828 [INFO] ApiDb:274 - Set plugin database path to: /Applications/STM32CubeIDE.app/Contents/Eclipse/plugins/com.st.stm32cube.common.mx_6.14.0.202502271554//db//plugins/boardmanager/
2025-04-03 20:52:41,828 [INFO] ApiDb:261 - Set plugin images path to: /Applications/STM32CubeIDE.app/Contents/Eclipse/plugins/com.st.stm32cube.common.mx_6.14.0.202502271554//db//plugins/mcufinder/images/
2025-04-03 20:52:41,829 [WARN] DbFile:41 - Overriding database path with different value: /Users/haileythill-turke/.stmcufinder/plugins/mcufinder/ => /Users/haileythill-turke/.stmcufinder/plugins/mcufinder
2025-04-03 20:52:41,829 [INFO] ApiDb:250 - Set database path to: /Users/haileythill-turke/.stmcufinder/plugins/mcufinder//mcu/
2025-04-03 20:52:41,829 [WARN] DbFile:41 - Overriding database path with different value: /Users/haileythill-turke/.stmcufinder/plugins/mcufinder/ => /Users/haileythill-turke/.stmcufinder/plugins/mcufinder
2025-04-03 20:52:41,829 [INFO] DbMcusAds:125 - Set database path to: /Users/haileythill-turke/.stmcufinder/plugins/mcufinder//mcu/
2025-04-03 20:52:41,829 [WARN] DbFile:41 - Overriding database path with different value: /Users/haileythill-turke/.stmcufinder/plugins/mcufinder/ => /Users/haileythill-turke/.stmcufinder/plugins/mcufinder
2025-04-03 20:52:41,829 [WARN] DbFile:41 - Overriding database path with different value: /Users/haileythill-turke/.stmcufinder/plugins/mcufinder/ => /Users/haileythill-turke/.stmcufinder/plugins/mcufinder
2025-04-03 20:52:41,830 [INFO] CrossReferenceDbSqlite:203 - Set database path to: /Users/haileythill-turke/.stmcufinder/plugins/mcufinder//mcu/cs/
2025-04-03 20:52:41,849 [INFO] ApplicationProperties:184 - Using Application install path: /Applications/STM32CubeIDE.app/Contents/Eclipse/plugins/com.st.stm32cube.common.mx_6.14.0.202502271554
2025-04-03 20:52:41,850 [INFO] PluginManage:196 - Search for loadable plugins [exclusion list=, ]
2025-04-03 20:52:41,852 [INFO] PluginManage:310 - Check plugin analytics
2025-04-03 20:52:42,051 [INFO] AnalyticsPlugin:253 - Accepted Software Licenses: 
2025-04-03 20:52:42,052 [INFO] AnalyticsPlugin:255 - Accepted CMSIS Pack Licenses: 
2025-04-03 20:52:42,052 [INFO] AnalyticsPlugin:257 - Accepted Firmware Licenses: 
2025-04-03 20:52:42,055 [INFO] PluginManage:359 - Loaded plugin analytics (category:tool,tabindex:-1)
2025-04-03 20:52:42,055 [INFO] PluginManage:310 - Check plugin cadmodel
2025-04-03 20:52:42,061 [INFO] CADModel:105 - Init CAD model plugin
2025-04-03 20:52:42,061 [INFO] PluginManage:359 - Loaded plugin cadmodel (category:power,tabindex:5)
2025-04-03 20:52:42,061 [INFO] PluginManage:310 - Check plugin clock
2025-04-03 20:52:42,072 [INFO] PluginManage:359 - Loaded plugin clock (category:base,tabindex:2)
2025-04-03 20:52:42,073 [INFO] PluginManage:310 - Check plugin ddr
2025-04-03 20:52:42,077 [INFO] PluginManage:359 - Loaded plugin ddr (category:tool,tabindex:6)
2025-04-03 20:52:42,077 [INFO] PluginManage:310 - Check plugin filemanager
2025-04-03 20:52:42,308 [INFO] PluginManage:359 - Loaded plugin filemanager (category:base,tabindex:10)
2025-04-03 20:52:42,308 [INFO] PluginManage:310 - Check plugin ipmanager
2025-04-03 20:52:42,319 [INFO] PluginManage:359 - Loaded plugin ipmanager (category:base,tabindex:5)
2025-04-03 20:52:42,319 [INFO] PluginManage:310 - Check plugin lpbam
2025-04-03 20:52:42,330 [INFO] PluginManage:359 - Loaded plugin lpbam (category:base,tabindex:0)
2025-04-03 20:52:42,331 [INFO] PluginManage:310 - Check plugin memorymap
2025-04-03 20:52:42,366 [INFO] PluginManage:359 - Loaded plugin memorymap (category:base,tabindex:4)
2025-04-03 20:52:42,368 [INFO] PluginManage:310 - Check plugin pinoutandconfiguration
2025-04-03 20:52:42,383 [INFO] PluginManage:359 - Loaded plugin pinoutandconfiguration (category:base,tabindex:1)
2025-04-03 20:52:42,384 [INFO] PluginManage:310 - Check plugin pinoutconfig
2025-04-03 20:52:42,534 [WARN] SupportedApi:132 - Cannot load RTOS API schema: s4s-elt-must-match.1: The content of 'definitions' must match (annotation?, (simpleType | complexType)?, (unique | key | keyref)*)). A problem was found starting at: attribute.
2025-04-03 20:52:42,679 [INFO] PluginManage:359 - Loaded plugin pinoutconfig (category:base,tabindex:0)
2025-04-03 20:52:42,679 [INFO] PluginManage:310 - Check plugin power
2025-04-03 20:52:42,690 [INFO] PluginManage:359 - Loaded plugin power (category:power,tabindex:4)
2025-04-03 20:52:42,691 [INFO] PluginManage:310 - Check plugin projectmanager
2025-04-03 20:52:42,705 [INFO] PluginManage:359 - Loaded plugin projectmanager (category:projectmanager,tabindex:4)
2025-04-03 20:52:42,705 [INFO] PluginManage:310 - Check plugin rif
2025-04-03 20:52:42,713 [INFO] PluginManage:359 - Loaded plugin rif (category:base,tabindex:3)
2025-04-03 20:52:42,713 [INFO] PluginManage:310 - Check plugin thirdparty
2025-04-03 20:52:42,842 [INFO] PluginManage:359 - Loaded plugin thirdparty (category:base,tabindex:-1)
2025-04-03 20:52:42,841 [WARN] IntegrityCheckThread:84 - waiting for thirdparty lock release [integrity check]
2025-04-03 20:52:42,842 [INFO] PluginManage:310 - Check plugin tools
2025-04-03 20:52:42,842 [INFO] IntegrityCheckThread:86 - entering critical section [integrity check]
2025-04-03 20:52:42,842 [INFO] ThirdPartyUpdaterWithRetryManager:70 - Updater plugin not ready yet. [1/15]
2025-04-03 20:52:42,845 [INFO] PluginManage:359 - Loaded plugin tools (category:base,tabindex:7)
2025-04-03 20:52:42,845 [INFO] PluginManage:310 - Check plugin tutovideos
2025-04-03 20:52:43,042 [INFO] PluginManage:359 - Loaded plugin tutovideos (category:base,tabindex:-1)
2025-04-03 20:52:43,042 [INFO] PluginManage:310 - Check plugin updater
2025-04-03 20:52:43,068 [INFO] PluginManage:359 - Loaded plugin updater (category:base,tabindex:12)
2025-04-03 20:52:43,068 [INFO] PluginManage:310 - Check plugin userauth
2025-04-03 20:52:43,073 [INFO] UserAuth:118 - Init User Auth plugin
2025-04-03 20:52:43,074 [INFO] PluginManage:359 - Loaded plugin userauth (category:base,tabindex:14)
2025-04-03 20:52:43,075 [INFO] PluginManage:283 - PluginManage : Loaded plugins [18]
2025-04-03 20:52:43,350 [INFO] PinOutPanel:1589 - setPackage(No Configuration,No Configuration)
2025-04-03 20:52:43,441 [INFO] CADModel:165 - CPN selected for project level
2025-04-03 20:52:43,441 [INFO] CADModel:114 - Register for checkConnection events
2025-04-03 20:52:43,498 [INFO] IPUIPlugin:80 - create IPUIPlugin
2025-04-03 20:52:43,499 [INFO] PluginManager:220 - loadIPPluginJar : add mdma
2025-04-03 20:52:43,516 [INFO] IPUIPlugin:80 - create IPUIPlugin
2025-04-03 20:52:43,516 [INFO] PluginManager:220 - loadIPPluginJar : add freertos
2025-04-03 20:52:43,522 [INFO] IPUIPlugin:80 - create IPUIPlugin
2025-04-03 20:52:43,522 [INFO] PluginManager:220 - loadIPPluginJar : add gic
2025-04-03 20:52:43,533 [INFO] IPUIPlugin:80 - create IPUIPlugin
2025-04-03 20:52:43,534 [INFO] PluginManager:220 - loadIPPluginJar : add adc
2025-04-03 20:52:43,537 [INFO] IPUIPlugin:80 - create IPUIPlugin
2025-04-03 20:52:43,538 [INFO] PluginManager:220 - loadIPPluginJar : add gtzc
2025-04-03 20:52:43,539 [INFO] IPUIPlugin:80 - create IPUIPlugin
2025-04-03 20:52:43,539 [INFO] PluginManager:220 - loadIPPluginJar : add quadspi
2025-04-03 20:52:43,542 [INFO] IPUIPlugin:80 - create IPUIPlugin
2025-04-03 20:52:43,542 [INFO] PluginManager:220 - loadIPPluginJar : add aes
2025-04-03 20:52:43,546 [INFO] IPUIPlugin:80 - create IPUIPlugin
2025-04-03 20:52:43,546 [INFO] PluginManager:220 - loadIPPluginJar : add pdm2pcm
2025-04-03 20:52:43,549 [INFO] IPUIPlugin:80 - create IPUIPlugin
2025-04-03 20:52:43,550 [INFO] PluginManager:220 - loadIPPluginJar : add hash
2025-04-03 20:52:43,557 [INFO] IPUIPlugin:80 - create IPUIPlugin
2025-04-03 20:52:43,557 [INFO] PluginManager:220 - loadIPPluginJar : add tim
2025-04-03 20:52:43,562 [INFO] IPUIPlugin:80 - create IPUIPlugin
2025-04-03 20:52:43,562 [INFO] PluginManager:220 - loadIPPluginJar : add tsc
2025-04-03 20:52:43,572 [INFO] IPUIPlugin:80 - create IPUIPlugin
2025-04-03 20:52:43,572 [INFO] PluginManager:220 - loadIPPluginJar : add extmemmanager
2025-04-03 20:52:43,582 [INFO] IPUIPlugin:80 - create IPUIPlugin
2025-04-03 20:52:43,583 [INFO] PluginManager:220 - loadIPPluginJar : add ts
2025-04-03 20:52:43,586 [INFO] IPUIPlugin:80 - create IPUIPlugin
2025-04-03 20:52:43,587 [INFO] PluginManager:220 - loadIPPluginJar : add radio
2025-04-03 20:52:43,592 [INFO] IPUIPlugin:80 - create IPUIPlugin
2025-04-03 20:52:43,593 [INFO] PluginManager:220 - loadIPPluginJar : add can
2025-04-03 20:52:43,600 [INFO] IPUIPlugin:80 - create IPUIPlugin
2025-04-03 20:52:43,600 [INFO] PluginManager:220 - loadIPPluginJar : add dma3
2025-04-03 20:52:43,603 [INFO] IPUIPlugin:80 - create IPUIPlugin
2025-04-03 20:52:43,603 [INFO] PluginManager:220 - loadIPPluginJar : add dfsdm
2025-04-03 20:52:43,608 [INFO] IPUIPlugin:80 - create IPUIPlugin
2025-04-03 20:52:43,608 [INFO] PluginManager:220 - loadIPPluginJar : add spi
2025-04-03 20:52:43,613 [INFO] IPUIPlugin:80 - create IPUIPlugin
2025-04-03 20:52:43,613 [INFO] PluginManager:220 - loadIPPluginJar : add gfxmmu
2025-04-03 20:52:43,615 [INFO] IPUIPlugin:80 - create IPUIPlugin
2025-04-03 20:52:43,615 [INFO] PluginManager:220 - loadIPPluginJar : add genericplugin
2025-04-03 20:52:43,618 [INFO] IPUIPlugin:80 - create IPUIPlugin
2025-04-03 20:52:43,618 [INFO] PluginManager:220 - loadIPPluginJar : add cryp
2025-04-03 20:52:43,624 [INFO] IPUIPlugin:80 - create IPUIPlugin
2025-04-03 20:52:43,624 [INFO] PluginManager:220 - loadIPPluginJar : add gpio
2025-04-03 20:52:43,628 [INFO] IPUIPlugin:80 - create IPUIPlugin
2025-04-03 20:52:43,628 [INFO] PluginManager:220 - loadIPPluginJar : add ddr_ctrl_phy
2025-04-03 20:52:43,630 [INFO] IPUIPlugin:80 - create IPUIPlugin
2025-04-03 20:52:43,630 [INFO] PluginManager:220 - loadIPPluginJar : add comp
2025-04-03 20:52:43,632 [INFO] IPUIPlugin:80 - create IPUIPlugin
2025-04-03 20:52:43,633 [INFO] PluginManager:220 - loadIPPluginJar : add tracer_emb
2025-04-03 20:52:43,636 [INFO] IPUIPlugin:80 - create IPUIPlugin
2025-04-03 20:52:43,637 [INFO] PluginManager:220 - loadIPPluginJar : add openamp
2025-04-03 20:52:43,644 [INFO] IPUIPlugin:80 - create IPUIPlugin
2025-04-03 20:52:43,645 [INFO] PluginManager:220 - loadIPPluginJar : add stm32_wpan
2025-04-03 20:52:43,652 [INFO] IPUIPlugin:80 - create IPUIPlugin
2025-04-03 20:52:43,655 [INFO] PluginManager:220 - loadIPPluginJar : add plateformsettings
2025-04-03 20:52:43,660 [INFO] IPUIPlugin:80 - create IPUIPlugin
2025-04-03 20:52:43,660 [INFO] PluginManager:220 - loadIPPluginJar : add ipddr
2025-04-03 20:52:43,665 [INFO] IPUIPlugin:80 - create IPUIPlugin
2025-04-03 20:52:43,665 [INFO] PluginManager:220 - loadIPPluginJar : add usart
2025-04-03 20:52:43,667 [INFO] IPUIPlugin:80 - create IPUIPlugin
2025-04-03 20:52:43,667 [INFO] PluginManager:220 - loadIPPluginJar : add ltdc
2025-04-03 20:52:43,673 [INFO] IPUIPlugin:80 - create IPUIPlugin
2025-04-03 20:52:43,673 [INFO] PluginManager:220 - loadIPPluginJar : add nvic
2025-04-03 20:52:43,675 [INFO] IPUIPlugin:80 - create IPUIPlugin
2025-04-03 20:52:43,675 [INFO] PluginManager:220 - loadIPPluginJar : add fatfs
2025-04-03 20:52:43,685 [INFO] IPUIPlugin:80 - create IPUIPlugin
2025-04-03 20:52:43,685 [INFO] PluginManager:220 - loadIPPluginJar : add linkedlist
2025-04-03 20:52:43,692 [INFO] IPUIPlugin:80 - create IPUIPlugin
2025-04-03 20:52:43,693 [INFO] PluginManager:220 - loadIPPluginJar : add dma
2025-04-03 20:52:43,697 [INFO] IPUIPlugin:80 - create IPUIPlugin
2025-04-03 20:52:43,698 [INFO] PluginManager:220 - loadIPPluginJar : add fmc
2025-04-03 20:52:43,700 [INFO] IPUIPlugin:80 - create IPUIPlugin
2025-04-03 20:52:43,701 [INFO] PluginManager:220 - loadIPPluginJar : add i2s
2025-04-03 20:52:43,703 [INFO] IPUIPlugin:80 - create IPUIPlugin
2025-04-03 20:52:43,703 [INFO] PluginManager:220 - loadIPPluginJar : add ucpd
2025-04-03 20:52:43,706 [INFO] IPUIPlugin:80 - create IPUIPlugin
2025-04-03 20:52:43,706 [INFO] PluginManager:220 - loadIPPluginJar : add lorawan
2025-04-03 20:52:43,709 [INFO] IPUIPlugin:80 - create IPUIPlugin
2025-04-03 20:52:43,710 [INFO] PluginManager:220 - loadIPPluginJar : add opamp
2025-04-03 20:52:43,713 [INFO] IPUIPlugin:80 - create IPUIPlugin
2025-04-03 20:52:43,714 [INFO] PluginManager:220 - loadIPPluginJar : add i3c
2025-04-03 20:52:43,718 [INFO] IPUIPlugin:80 - create IPUIPlugin
2025-04-03 20:52:43,718 [INFO] PluginManager:220 - loadIPPluginJar : add touchsensing
2025-04-03 20:52:43,724 [INFO] IPUIPlugin:80 - create IPUIPlugin
2025-04-03 20:52:43,724 [INFO] PluginManager:220 - loadIPPluginJar : add i2c
2025-04-03 20:52:43,729 [INFO] IPUIPlugin:80 - create IPUIPlugin
2025-04-03 20:52:43,729 [INFO] PluginManager:220 - loadIPPluginJar : add resmgrutility
2025-04-03 20:52:43,733 [INFO] IPUIPlugin:80 - create IPUIPlugin
2025-04-03 20:52:43,733 [INFO] PluginManager:220 - loadIPPluginJar : add sai
2025-04-03 20:52:43,736 [INFO] IPUIPlugin:80 - create IPUIPlugin
2025-04-03 20:52:43,736 [INFO] PluginManager:220 - loadIPPluginJar : add usbx
2025-04-03 20:52:43,849 [FATAL] Updater:351 - Updater called before beeing initialized
2025-04-03 20:52:43,887 [INFO] RulesReader:64 - Compatibility file has been processed (301 Rules)
2025-04-03 20:52:43,900 [INFO] RulesReader:64 - Compatibility file has been processed (301 Rules)
2025-04-03 20:52:43,907 [INFO] CADModel:165 - CPN selected for project level
2025-04-03 20:52:43,907 [INFO] CADModel:114 - Register for checkConnection events
2025-04-03 20:52:43,907 [FATAL] Updater:351 - Updater called before beeing initialized
2025-04-03 20:52:43,907 [ERROR] CADModel:125 - Updater not yet initialized, retry later 
2025-04-03 20:52:44,155 [FATAL] Updater:351 - Updater called before beeing initialized
2025-04-03 20:52:44,157 [INFO] CADModel:165 - CPN selected for project level
2025-04-03 20:52:44,157 [INFO] CADModel:114 - Register for checkConnection events
2025-04-03 20:52:44,158 [FATAL] Updater:351 - Updater called before beeing initialized
2025-04-03 20:52:44,158 [ERROR] CADModel:125 - Updater not yet initialized, retry later 
2025-04-03 20:52:44,162 [FATAL] Updater:351 - Updater called before beeing initialized
2025-04-03 20:52:44,271 [FATAL] Updater:351 - Updater called before beeing initialized
2025-04-03 20:52:44,278 [INFO] DbMcusAds:53 - JSON generation date=Fri Mar 07 01:54:21 AEDT 2025 (1741272861825)
2025-04-03 20:52:44,278 [FATAL] Updater:351 - Updater called before beeing initialized
2025-04-03 20:52:44,361 [WARN] DetailPanel:346 - Failed to get advertising image, set to default
2025-04-03 20:52:44,781 [FATAL] Updater:351 - Updater called before beeing initialized
2025-04-03 20:52:44,783 [FATAL] Updater:351 - Updater called before beeing initialized
2025-04-03 20:52:44,783 [FATAL] Updater:351 - Updater called before beeing initialized
2025-04-03 20:52:44,784 [WARN] DetailPanel:346 - Failed to get advertising image, set to default
2025-04-03 20:52:44,784 [FATAL] Updater:351 - Updater called before beeing initialized
2025-04-03 20:52:44,834 [ERROR] Updater:1198 - MainUpdater not yet initialized. External WinMGr cannot be set.
2025-04-03 20:52:44,836 [INFO] Updater:1134 - Updater Version found : 6.14.0
2025-04-03 20:52:44,860 [INFO] ApplicationProperties:184 - Using Application install path: /Applications/STM32CubeIDE.app/Contents/Eclipse/plugins/com.st.stm32cube.common.mx_6.14.0.202502271554
2025-04-03 20:52:45,217 [INFO] MainUpdater:2872 - connection check result : 10
2025-04-03 20:52:45,218 [INFO] MainUpdater:289 - Updater Check For Update Now.
2025-04-03 20:52:45,218 [INFO] MicroXplorer:498 - Change Database Version : DB.6.0.140
2025-04-03 20:52:45,225 [INFO] McuFinderGlobals:63 - Set McuFinder mode to 2 (CubeIDE integrated)
2025-04-03 20:52:45,226 [INFO] UserAuth:171 - activating auth plugin
2025-04-03 20:52:45,230 [INFO] UserAuth:486 - Internet connection configuration mode: 1
2025-04-03 20:52:45,252 [INFO] JxBrowserEngine:152 - Initiate JxBrowser Engine with user profile folder
2025-04-03 20:52:45,406 [INFO] CheckServerUpdateThread:120 - End of CheckServer Thread
2025-04-03 20:52:46,058 [WARN] PackLoader:240 - Cannot read IP mode file for STMicroelectronics.FP-SNS-MOTENVWB1.1.4.0
2025-04-03 20:52:46,067 [WARN] PackLoader:240 - Cannot read IP mode file for STMicroelectronics.FP-ATR-ASTRA1.2.0.2
2025-04-03 20:52:46,076 [WARN] PackLoader:240 - Cannot read IP mode file for STMicroelectronics.X-CUBE-SMBUS.2.1.0
2025-04-03 20:52:46,085 [WARN] PackLoader:240 - Cannot read IP mode file for STMicroelectronics.X-CUBE-WB05N.1.1.0
2025-04-03 20:52:46,121 [WARN] PackLoader:240 - Cannot read IP mode file for STMicroelectronics.X-CUBE-AZRTOS-F7.1.1.0
2025-04-03 20:52:46,129 [WARN] PackLoader:240 - Cannot read IP mode file for STMicroelectronics.FP-SNS-FLIGHT1.5.0.2
2025-04-03 20:52:46,155 [WARN] PackLoader:240 - Cannot read IP mode file for Infineon.AIROC-Wi-Fi-Bluetooth-STM32.1.7.0
2025-04-03 20:52:46,178 [WARN] PackLoader:240 - Cannot read IP mode file for STMicroelectronics.X-CUBE-DISPLAY.3.0.0
2025-04-03 20:52:46,188 [WARN] PackLoader:240 - Cannot read IP mode file for STMicroelectronics.X-CUBE-BLE1.7.0.0
2025-04-03 20:52:46,194 [WARN] PackLoader:240 - Cannot read IP mode file for STMicroelectronics.X-CUBE-NFC10.1.0.0
2025-04-03 20:52:46,207 [WARN] PackLoader:240 - Cannot read IP mode file for STMicroelectronics.X-CUBE-BLEMGR.4.0.0
2025-04-03 20:52:46,217 [WARN] PackLoader:240 - Cannot read IP mode file for emotas.I-CUBE-CANOPEN.1.3.0
2025-04-03 20:52:46,222 [WARN] PackLoader:240 - Cannot read IP mode file for STMicroelectronics.X-CUBE-AI.10.0.0
2025-04-03 20:52:46,226 [WARN] PackLoader:240 - Cannot read IP mode file for STMicroelectronics.FP-SNS-SMARTAG2.1.2.0
2025-04-03 20:52:46,230 [WARN] PackLoader:240 - Cannot read IP mode file for STMicroelectronics.FP-SNS-FLIGHT1.5.1.0
2025-04-03 20:52:46,293 [WARN] PackLoader:240 - Cannot read IP mode file for STMicroelectronics.X-CUBE-MEMS1.11.1.0
2025-04-03 20:52:46,485 [INFO] LogOutputStream:77 - [STDOUT_REDIRECT] 1 : Invalid condition id : UX_CORESTACK_Condition cause : null
2025-04-03 20:52:46,486 [INFO] LogOutputStream:77 - [STDOUT_REDIRECT] 1 : Invalid condition id : UX_CORESTACK_Condition cause : null
2025-04-03 20:52:46,486 [INFO] LogOutputStream:77 - [STDOUT_REDIRECT] 1 : Invalid condition id : UX_CORESTACK_Condition cause : null
2025-04-03 20:52:46,487 [INFO] LogOutputStream:77 - [STDOUT_REDIRECT] 1 : Invalid condition id : UX_CORESTACK_Condition cause : null
2025-04-03 20:52:46,487 [INFO] LogOutputStream:77 - [STDOUT_REDIRECT] 1 : Invalid condition id : UX_CORESTACK_Condition cause : null
2025-04-03 20:52:46,492 [WARN] PackLoader:240 - Cannot read IP mode file for STMicroelectronics.X-CUBE-AZRTOS-WL.2.0.0
2025-04-03 20:52:46,497 [WARN] PackLoader:240 - Cannot read IP mode file for STMicroelectronics.FP-SNS-MOTENV1.5.0.0
2025-04-03 20:52:46,505 [WARN] PackLoader:240 - Cannot read IP mode file for WES.I-CUBE-Cesium.1.3.0
2025-04-03 20:52:46,510 [WARN] PackLoader:240 - Cannot read IP mode file for STMicroelectronics.X-CUBE-BLE2.3.3.0
2025-04-03 20:52:46,518 [WARN] PackLoader:240 - Cannot read IP mode file for STMicroelectronics.X-CUBE-NFC9.1.0.0
2025-04-03 20:52:46,550 [WARN] PackLoader:240 - Cannot read IP mode file for STMicroelectronics.X-CUBE-BLE1.7.1.0
2025-04-03 20:52:46,554 [WARN] PackLoader:240 - Cannot read IP mode file for wolfSSL.I-CUBE-wolfMQTT.1.19.2
2025-04-03 20:52:46,575 [WARN] PackLoader:240 - Cannot read IP mode file for STMicroelectronics.X-CUBE-AZRTOS-G0.1.1.0
2025-04-03 20:52:46,584 [WARN] PackLoader:240 - Cannot read IP mode file for STMicroelectronics.X-CUBE-SAFEA1.1.2.2
2025-04-03 20:52:46,596 [WARN] PackLoader:240 - Cannot read IP mode file for STMicroelectronics.X-CUBE-NFC4.3.0.0
2025-04-03 20:52:46,606 [WARN] PackLoader:240 - Cannot read IP mode file for EmbeddedOffice.I-CUBE-FS-RTOS.1.0.1
2025-04-03 20:52:46,609 [WARN] PackLoader:240 - Cannot read IP mode file for wolfSSL.I-CUBE-wolfTPM.3.8.0
2025-04-03 20:52:46,616 [WARN] PackLoader:240 - Cannot read IP mode file for STMicroelectronics.X-CUBE-TCPP.4.2.0
2025-04-03 20:52:46,622 [WARN] PackLoader:240 - Cannot read IP mode file for RealThread.X-CUBE-RT-Thread_Nano.4.1.1
2025-04-03 20:52:46,626 [WARN] PackLoader:240 - Cannot read IP mode file for STMicroelectronics.FP-ATR-SIGFOX1.3.2.0
2025-04-03 20:52:46,632 [WARN] ConditionMgr:438 - getConditionDescription Invalid condition id : Cortex-A Device cause : null
2025-04-03 20:52:46,642 [WARN] ConditionMgr:1044 - genDependencies : Invalid condition id : Cortex-A Device cause : null
2025-04-03 20:52:46,642 [WARN] ConditionMgr:1044 - genDependencies : Invalid condition id : Cortex-A Device cause : null
2025-04-03 20:52:46,642 [WARN] ConditionMgr:1044 - genDependencies : Invalid condition id : Cortex-A Device cause : null
2025-04-03 20:52:46,649 [WARN] PackLoader:240 - Cannot read IP mode file for STMicroelectronics.X-CUBE-EEPRMA1.5.1.0
2025-04-03 20:52:46,654 [WARN] PackLoader:240 - Cannot read IP mode file for wolfSSL.I-CUBE-wolfSSL.5.7.6
2025-04-03 20:52:46,663 [WARN] PackLoader:240 - Cannot read IP mode file for ITTIA_DB.I-CUBE-ITTIADB.8.9.0
2025-04-03 20:52:46,703 [WARN] PackLoader:240 - Cannot read IP mode file for SEGGER.I-CUBE-embOS.1.3.1
2025-04-03 20:52:46,784 [WARN] PackLoader:240 - Cannot read IP mode file for STMicroelectronics.X-CUBE-ALGOBUILD.1.4.0
2025-04-03 20:52:46,802 [WARN] PackLoader:240 - Cannot read IP mode file for STMicroelectronics.X-CUBE-AZRTOS-F4.1.1.0
2025-04-03 20:52:46,809 [WARN] PackLoader:240 - Cannot read IP mode file for STMicroelectronics.X-CUBE-ISPU.2.1.0
2025-04-03 20:52:46,828 [WARN] PackLoader:240 - Cannot read IP mode file for STMicroelectronics.X-CUBE-AZRTOS-L5.2.0.0
2025-04-03 20:52:46,866 [WARN] PackLoader:240 - Cannot read IP mode file for STMicroelectronics.X-CUBE-NFC6.3.1.0
2025-04-03 20:52:46,894 [WARN] PackLoader:240 - Cannot read IP mode file for STMicroelectronics.X-CUBE-DPower.1.2.0
2025-04-03 20:52:46,902 [WARN] PackLoader:240 - Cannot read IP mode file for STMicroelectronics.X-CUBE-FREERTOS.1.3.0
2025-04-03 20:52:46,908 [WARN] PackLoader:240 - Cannot read IP mode file for STMicroelectronics.X-CUBE-NFC7.1.0.1
2025-04-03 20:52:46,914 [WARN] PackLoader:240 - Cannot read IP mode file for STMicroelectronics.X-CUBE-DPower.1.3.0
2025-04-03 20:52:46,949 [WARN] ConditionMgr:438 - getConditionDescription Invalid condition id : LAN8742 Phy interface Condition cause : null
2025-04-03 20:52:46,965 [WARN] PackLoader:240 - Cannot read IP mode file for STMicroelectronics.X-CUBE-AZRTOS-L4.2.0.0
2025-04-03 20:52:46,968 [WARN] ConditionMgr:1044 - genDependencies : Invalid condition id : LAN8742 Phy interface Condition cause : null
2025-04-03 20:52:46,968 [WARN] ConditionMgr:1044 - genDependencies : Invalid condition id : LAN8742 Phy interface Condition cause : null
2025-04-03 20:52:46,973 [WARN] ConditionMgr:1044 - genDependencies : Invalid condition id : LAN8742 Phy interface Condition cause : null
2025-04-03 20:52:46,981 [WARN] PackLoader:240 - Cannot read IP mode file for STMicroelectronics.X-CUBE-SFXS2LP1.4.0.0
2025-04-03 20:52:47,017 [WARN] PackLoader:240 - Cannot read IP mode file for STMicroelectronics.X-CUBE-AZRTOS-H7.3.3.0
2025-04-03 20:52:47,075 [WARN] ConditionMgr:438 - getConditionDescription Invalid condition id : UX DEVICE CLASS RTOS Condition cause : null
2025-04-03 20:52:47,096 [WARN] ConditionMgr:438 - getConditionDescription Invalid condition id : UX DEVICE CLASS RTOS Condition cause : null
2025-04-03 20:52:47,117 [WARN] PackLoader:240 - Cannot read IP mode file for STMicroelectronics.X-CUBE-AZRTOS-WB.2.0.0
2025-04-03 20:52:47,126 [WARN] ConditionMgr:1044 - genDependencies : Invalid condition id : UX DEVICE CLASS RTOS Condition cause : null
2025-04-03 20:52:47,133 [WARN] ConditionMgr:1044 - genDependencies : Invalid condition id : UX DEVICE CLASS RTOS Condition cause : null
2025-04-03 20:52:47,171 [WARN] ConditionMgr:1044 - genDependencies : Invalid condition id : UX DEVICE CLASS RTOS Condition cause : null
2025-04-03 20:52:47,172 [WARN] ConditionMgr:1044 - genDependencies : Invalid condition id : UX DEVICE CLASS RTOS Condition cause : null
2025-04-03 20:52:47,173 [WARN] ConditionMgr:1044 - genDependencies : Invalid condition id : UX DEVICE CLASS RTOS Condition cause : null
2025-04-03 20:52:47,185 [WARN] PackLoader:240 - Cannot read IP mode file for STMicroelectronics.X-CUBE-GNSS1.7.0.1
2025-04-03 20:52:47,199 [WARN] PackLoader:240 - Cannot read IP mode file for STMicroelectronics.X-CUBE-TOUCHGFX.4.25.0
2025-04-03 20:52:47,215 [WARN] PackLoader:240 - Cannot read IP mode file for STMicroelectronics.FP-SNS-STBOX1.2.0.0
2025-04-03 20:52:47,261 [WARN] PackLoader:240 - Cannot read IP mode file for STMicroelectronics.X-CUBE-SUBG2.5.0.0
2025-04-03 20:52:47,327 [WARN] PackLoader:240 - Cannot read IP mode file for STMicroelectronics.X-CUBE-AZRTOS-H7RS.1.1.0
2025-04-03 20:52:47,348 [WARN] PackLoader:240 - Cannot read IP mode file for Cesanta.I-CUBE-Mongoose.7.13.0
2025-04-03 20:52:47,371 [WARN] PackLoader:240 - Cannot read IP mode file for STMicroelectronics.X-CUBE-AZRTOS-G4.2.0.0
2025-04-03 20:52:47,377 [WARN] PackLoader:240 - Cannot read IP mode file for wolfSSL.I-CUBE-wolfSSH.1.4.20
2025-04-03 20:52:47,441 [WARN] PackLoader:240 - Cannot read IP mode file for STMicroelectronics.X-CUBE-IPS.3.1.0
2025-04-03 20:52:47,506 [WARN] PackLoader:240 - Cannot read IP mode file for STMicroelectronics.X-CUBE-ALS.1.0.2
2025-04-03 20:52:47,555 [WARN] PackLoader:240 - Cannot read IP mode file for STMicroelectronics.X-CUBE-TOUCHGFX.4.24.2
2025-04-03 20:52:47,580 [WARN] PackLoader:240 - Cannot read IP mode file for portGmbH.I-Cube-SoM-uGOAL.1.1.0
2025-04-03 20:52:47,628 [WARN] PackLoader:240 - Cannot read IP mode file for STMicroelectronics.X-CUBE-AZRTOS-H7RS.1.0.0
2025-04-03 20:52:47,687 [WARN] PackLoader:240 - Cannot read IP mode file for STMicroelectronics.X-CUBE-TOF1.3.4.2
2025-04-03 20:52:47,716 [INFO] ThirdParty:978 - Integrity check success = true
2025-04-03 20:52:47,717 [INFO] WebApp:169 - Instantiating new browser for Auth
2025-04-03 20:52:47,724 [INFO] IntegrityCheckThread:100 - exiting critical section [integrity check]
2025-04-03 20:52:47,724 [INFO] IntegrityCheckThread:103 - End integrity checks thread
2025-04-03 20:52:49,397 [INFO] WebApp:463 - Apply proxy settings
2025-04-03 20:52:49,413 [INFO] WebApp:508 - Chromium authenticates against Manually configured proxy
2025-04-03 20:52:49,438 [INFO] WebApp:516 - Username used for proxy authentication: 
2025-04-03 20:52:49,498 [INFO] WebApp:894 - Register for checkConnection events
2025-04-03 20:52:49,505 [INFO] WebApp:463 - Apply proxy settings
2025-04-03 20:52:49,529 [INFO] WebApp:508 - Chromium authenticates against Manually configured proxy
2025-04-03 20:52:49,583 [INFO] WebApp:516 - Username used for proxy authentication: 
2025-04-03 20:52:49,892 [INFO] WebApp:225 - Starting web application
2025-04-03 20:52:49,898 [INFO] WebApp:593 - Web application path used /Applications/STM32CubeIDE.app/Contents/Eclipse/plugins/com.st.stm32cube.common.mx_6.14.0.202502271554/db/plugins/mcufinder/reactClient1/index.html
2025-04-03 20:52:50,377 [INFO] WebApp:191 - Connection restablished
2025-04-03 21:09:54,146 [INFO] LogOutputStream:77 - [STDOUT_REDIRECT] ***WARNING: Display must be created on main thread due to Cocoa restrictions. Use vmarg -XstartOnFirstThread
2025-04-03 21:09:54,417 [INFO] LogOutputStream:77 - [STDOUT_REDIRECT] ***WARNING: Display must be created on main thread due to Cocoa restrictions. Use vmarg -XstartOnFirstThread
2025-04-03 21:09:54,870 [ERROR] LogOutputStream:75 - [STDERR_REDIRECT] 
2025-04-03 21:56:07,309 [INFO] Activator:176 - 


2025-04-03 21:56:07,311 [INFO] Activator:177 - !SESSION log4j initialized
2025-04-03 21:56:10,772 [INFO] LogOutputStream:77 - [STDOUT_REDIRECT] 
2025-04-03 21:56:11,630 [ERROR] LogOutputStream:75 - [STDERR_REDIRECT] 
2025-04-03 21:56:13,792 [INFO] LogOutputStream:77 - [STDOUT_REDIRECT] 
2025-04-03 21:56:14,547 [INFO] ApplicationProperties:184 - Using Application install path: /Applications/STM32CubeIDE.app/Contents/Eclipse/plugins/com.st.stm32cube.common.mx_6.14.0.202502271554
2025-04-03 21:56:14,573 [INFO] DbMcusXml:78 - Set database path to: /Applications/STM32CubeIDE.app/Contents/Eclipse/plugins/com.st.stm32cube.common.mx_6.14.0.202502271554//db//mcu/
2025-04-03 21:56:14,573 [INFO] ApiDb:274 - Set plugin database path to: /Applications/STM32CubeIDE.app/Contents/Eclipse/plugins/com.st.stm32cube.common.mx_6.14.0.202502271554//db//plugins/boardmanager/
2025-04-03 21:56:14,573 [WARN] ApiDb:259 - Overriding images path with different value:  => /Applications/STM32CubeIDE.app/Contents/Eclipse/plugins/com.st.stm32cube.common.mx_6.14.0.202502271554//db//plugins/mcufinder/images/
2025-04-03 21:56:14,579 [INFO] ApiDb:250 - Set database path to: /Users/haileythill-turke/.stmcufinder/plugins/mcufinder//mcu/
2025-04-03 21:56:14,580 [INFO] DbMcusAds:125 - Set database path to: /Users/haileythill-turke/.stmcufinder/plugins/mcufinder//mcu/
2025-04-03 21:56:14,583 [INFO] CrossReferenceDbSqlite:203 - Set database path to: /Users/haileythill-turke/.stmcufinder/plugins/mcufinder//mcu/cs/
2025-04-03 21:56:14,720 [INFO] RulesReader:64 - Compatibility file has been processed (301 Rules)
2025-04-03 21:56:14,829 [INFO] DbMcusXml:78 - Set database path to: /Applications/STM32CubeIDE.app/Contents/Eclipse/plugins/com.st.stm32cube.common.mx_6.14.0.202502271554//db//mcu/
2025-04-03 21:56:14,829 [INFO] ApiDb:274 - Set plugin database path to: /Applications/STM32CubeIDE.app/Contents/Eclipse/plugins/com.st.stm32cube.common.mx_6.14.0.202502271554//db//plugins/boardmanager/
2025-04-03 21:56:14,829 [INFO] ApiDb:261 - Set plugin images path to: /Applications/STM32CubeIDE.app/Contents/Eclipse/plugins/com.st.stm32cube.common.mx_6.14.0.202502271554//db//plugins/mcufinder/images/
2025-04-03 21:56:14,829 [WARN] DbFile:41 - Overriding database path with different value: /Users/haileythill-turke/.stmcufinder/plugins/mcufinder/ => /Users/haileythill-turke/.stmcufinder/plugins/mcufinder
2025-04-03 21:56:14,829 [INFO] ApiDb:250 - Set database path to: /Users/haileythill-turke/.stmcufinder/plugins/mcufinder//mcu/
2025-04-03 21:56:14,830 [WARN] DbFile:41 - Overriding database path with different value: /Users/haileythill-turke/.stmcufinder/plugins/mcufinder/ => /Users/haileythill-turke/.stmcufinder/plugins/mcufinder
2025-04-03 21:56:14,830 [INFO] DbMcusAds:125 - Set database path to: /Users/haileythill-turke/.stmcufinder/plugins/mcufinder//mcu/
2025-04-03 21:56:14,830 [WARN] DbFile:41 - Overriding database path with different value: /Users/haileythill-turke/.stmcufinder/plugins/mcufinder/ => /Users/haileythill-turke/.stmcufinder/plugins/mcufinder
2025-04-03 21:56:14,830 [WARN] DbFile:41 - Overriding database path with different value: /Users/haileythill-turke/.stmcufinder/plugins/mcufinder/ => /Users/haileythill-turke/.stmcufinder/plugins/mcufinder
2025-04-03 21:56:14,830 [INFO] CrossReferenceDbSqlite:203 - Set database path to: /Users/haileythill-turke/.stmcufinder/plugins/mcufinder//mcu/cs/
2025-04-03 21:56:14,916 [INFO] MainPanel:272 - HeapMemory: 268435456
2025-04-03 21:56:15,413 [INFO] DbMcusXml:78 - Set database path to: /Applications/STM32CubeIDE.app/Contents/Eclipse/plugins/com.st.stm32cube.common.mx_6.14.0.202502271554//db//mcu/
2025-04-03 21:56:15,413 [INFO] ApiDb:274 - Set plugin database path to: /Applications/STM32CubeIDE.app/Contents/Eclipse/plugins/com.st.stm32cube.common.mx_6.14.0.202502271554//db//plugins/boardmanager/
2025-04-03 21:56:15,414 [INFO] ApiDb:261 - Set plugin images path to: /Applications/STM32CubeIDE.app/Contents/Eclipse/plugins/com.st.stm32cube.common.mx_6.14.0.202502271554//db//plugins/mcufinder/images/
2025-04-03 21:56:15,414 [WARN] DbFile:41 - Overriding database path with different value: /Users/haileythill-turke/.stmcufinder/plugins/mcufinder/ => /Users/haileythill-turke/.stmcufinder/plugins/mcufinder
2025-04-03 21:56:15,414 [INFO] ApiDb:250 - Set database path to: /Users/haileythill-turke/.stmcufinder/plugins/mcufinder//mcu/
2025-04-03 21:56:15,414 [WARN] DbFile:41 - Overriding database path with different value: /Users/haileythill-turke/.stmcufinder/plugins/mcufinder/ => /Users/haileythill-turke/.stmcufinder/plugins/mcufinder
2025-04-03 21:56:15,414 [INFO] DbMcusAds:125 - Set database path to: /Users/haileythill-turke/.stmcufinder/plugins/mcufinder//mcu/
2025-04-03 21:56:15,414 [WARN] DbFile:41 - Overriding database path with different value: /Users/haileythill-turke/.stmcufinder/plugins/mcufinder/ => /Users/haileythill-turke/.stmcufinder/plugins/mcufinder
2025-04-03 21:56:15,415 [WARN] DbFile:41 - Overriding database path with different value: /Users/haileythill-turke/.stmcufinder/plugins/mcufinder/ => /Users/haileythill-turke/.stmcufinder/plugins/mcufinder
2025-04-03 21:56:15,415 [INFO] CrossReferenceDbSqlite:203 - Set database path to: /Users/haileythill-turke/.stmcufinder/plugins/mcufinder//mcu/cs/
2025-04-03 21:56:15,435 [INFO] ApplicationProperties:184 - Using Application install path: /Applications/STM32CubeIDE.app/Contents/Eclipse/plugins/com.st.stm32cube.common.mx_6.14.0.202502271554
2025-04-03 21:56:15,438 [INFO] PluginManage:196 - Search for loadable plugins [exclusion list=, ]
2025-04-03 21:56:15,439 [INFO] PluginManage:310 - Check plugin analytics
2025-04-03 21:56:15,621 [INFO] AnalyticsPlugin:253 - Accepted Software Licenses: 
2025-04-03 21:56:15,622 [INFO] AnalyticsPlugin:255 - Accepted CMSIS Pack Licenses: 
2025-04-03 21:56:15,622 [INFO] AnalyticsPlugin:257 - Accepted Firmware Licenses: 
2025-04-03 21:56:15,624 [INFO] PluginManage:359 - Loaded plugin analytics (category:tool,tabindex:-1)
2025-04-03 21:56:15,624 [INFO] PluginManage:310 - Check plugin cadmodel
2025-04-03 21:56:15,630 [INFO] CADModel:105 - Init CAD model plugin
2025-04-03 21:56:15,631 [INFO] PluginManage:359 - Loaded plugin cadmodel (category:power,tabindex:5)
2025-04-03 21:56:15,631 [INFO] PluginManage:310 - Check plugin clock
2025-04-03 21:56:15,641 [INFO] PluginManage:359 - Loaded plugin clock (category:base,tabindex:2)
2025-04-03 21:56:15,642 [INFO] PluginManage:310 - Check plugin ddr
2025-04-03 21:56:15,645 [INFO] PluginManage:359 - Loaded plugin ddr (category:tool,tabindex:6)
2025-04-03 21:56:15,645 [INFO] PluginManage:310 - Check plugin filemanager
2025-04-03 21:56:15,806 [INFO] PluginManage:359 - Loaded plugin filemanager (category:base,tabindex:10)
2025-04-03 21:56:15,806 [INFO] PluginManage:310 - Check plugin ipmanager
2025-04-03 21:56:15,813 [INFO] PluginManage:359 - Loaded plugin ipmanager (category:base,tabindex:5)
2025-04-03 21:56:15,813 [INFO] PluginManage:310 - Check plugin lpbam
2025-04-03 21:56:15,825 [INFO] PluginManage:359 - Loaded plugin lpbam (category:base,tabindex:0)
2025-04-03 21:56:15,825 [INFO] PluginManage:310 - Check plugin memorymap
2025-04-03 21:56:15,849 [INFO] PluginManage:359 - Loaded plugin memorymap (category:base,tabindex:4)
2025-04-03 21:56:15,849 [INFO] PluginManage:310 - Check plugin pinoutandconfiguration
2025-04-03 21:56:15,863 [INFO] PluginManage:359 - Loaded plugin pinoutandconfiguration (category:base,tabindex:1)
2025-04-03 21:56:15,863 [INFO] PluginManage:310 - Check plugin pinoutconfig
2025-04-03 21:56:15,973 [WARN] SupportedApi:132 - Cannot load RTOS API schema: s4s-elt-must-match.1: The content of 'definitions' must match (annotation?, (simpleType | complexType)?, (unique | key | keyref)*)). A problem was found starting at: attribute.
2025-04-03 21:56:16,114 [INFO] PluginManage:359 - Loaded plugin pinoutconfig (category:base,tabindex:0)
2025-04-03 21:56:16,114 [INFO] PluginManage:310 - Check plugin power
2025-04-03 21:56:16,125 [INFO] PluginManage:359 - Loaded plugin power (category:power,tabindex:4)
2025-04-03 21:56:16,125 [INFO] PluginManage:310 - Check plugin projectmanager
2025-04-03 21:56:16,139 [INFO] PluginManage:359 - Loaded plugin projectmanager (category:projectmanager,tabindex:4)
2025-04-03 21:56:16,139 [INFO] PluginManage:310 - Check plugin rif
2025-04-03 21:56:16,147 [INFO] PluginManage:359 - Loaded plugin rif (category:base,tabindex:3)
2025-04-03 21:56:16,148 [INFO] PluginManage:310 - Check plugin thirdparty
2025-04-03 21:56:16,275 [INFO] PluginManage:359 - Loaded plugin thirdparty (category:base,tabindex:-1)
2025-04-03 21:56:16,275 [WARN] IntegrityCheckThread:84 - waiting for thirdparty lock release [integrity check]
2025-04-03 21:56:16,275 [INFO] PluginManage:310 - Check plugin tools
2025-04-03 21:56:16,275 [INFO] IntegrityCheckThread:86 - entering critical section [integrity check]
2025-04-03 21:56:16,276 [INFO] ThirdPartyUpdaterWithRetryManager:70 - Updater plugin not ready yet. [1/15]
2025-04-03 21:56:16,278 [INFO] PluginManage:359 - Loaded plugin tools (category:base,tabindex:7)
2025-04-03 21:56:16,278 [INFO] PluginManage:310 - Check plugin tutovideos
2025-04-03 21:56:16,460 [INFO] PluginManage:359 - Loaded plugin tutovideos (category:base,tabindex:-1)
2025-04-03 21:56:16,461 [INFO] PluginManage:310 - Check plugin updater
2025-04-03 21:56:16,483 [INFO] PluginManage:359 - Loaded plugin updater (category:base,tabindex:12)
2025-04-03 21:56:16,483 [INFO] PluginManage:310 - Check plugin userauth
2025-04-03 21:56:16,488 [INFO] UserAuth:118 - Init User Auth plugin
2025-04-03 21:56:16,488 [INFO] PluginManage:359 - Loaded plugin userauth (category:base,tabindex:14)
2025-04-03 21:56:16,489 [INFO] PluginManage:283 - PluginManage : Loaded plugins [18]
2025-04-03 21:56:16,676 [INFO] PinOutPanel:1589 - setPackage(No Configuration,No Configuration)
2025-04-03 21:56:16,757 [INFO] CADModel:165 - CPN selected for project level
2025-04-03 21:56:16,757 [INFO] CADModel:114 - Register for checkConnection events
2025-04-03 21:56:16,771 [INFO] IPUIPlugin:80 - create IPUIPlugin
2025-04-03 21:56:16,771 [INFO] PluginManager:220 - loadIPPluginJar : add mdma
2025-04-03 21:56:16,779 [INFO] IPUIPlugin:80 - create IPUIPlugin
2025-04-03 21:56:16,780 [INFO] PluginManager:220 - loadIPPluginJar : add freertos
2025-04-03 21:56:16,785 [INFO] IPUIPlugin:80 - create IPUIPlugin
2025-04-03 21:56:16,785 [INFO] PluginManager:220 - loadIPPluginJar : add gic
2025-04-03 21:56:16,795 [INFO] IPUIPlugin:80 - create IPUIPlugin
2025-04-03 21:56:16,795 [INFO] PluginManager:220 - loadIPPluginJar : add adc
2025-04-03 21:56:16,798 [INFO] IPUIPlugin:80 - create IPUIPlugin
2025-04-03 21:56:16,798 [INFO] PluginManager:220 - loadIPPluginJar : add gtzc
2025-04-03 21:56:16,800 [INFO] IPUIPlugin:80 - create IPUIPlugin
2025-04-03 21:56:16,800 [INFO] PluginManager:220 - loadIPPluginJar : add quadspi
2025-04-03 21:56:16,802 [INFO] IPUIPlugin:80 - create IPUIPlugin
2025-04-03 21:56:16,803 [INFO] PluginManager:220 - loadIPPluginJar : add aes
2025-04-03 21:56:16,805 [INFO] IPUIPlugin:80 - create IPUIPlugin
2025-04-03 21:56:16,806 [INFO] PluginManager:220 - loadIPPluginJar : add pdm2pcm
2025-04-03 21:56:16,807 [INFO] IPUIPlugin:80 - create IPUIPlugin
2025-04-03 21:56:16,807 [INFO] PluginManager:220 - loadIPPluginJar : add hash
2025-04-03 21:56:16,809 [INFO] IPUIPlugin:80 - create IPUIPlugin
2025-04-03 21:56:16,809 [INFO] PluginManager:220 - loadIPPluginJar : add tim
2025-04-03 21:56:16,810 [INFO] IPUIPlugin:80 - create IPUIPlugin
2025-04-03 21:56:16,810 [INFO] PluginManager:220 - loadIPPluginJar : add tsc
2025-04-03 21:56:16,813 [INFO] IPUIPlugin:80 - create IPUIPlugin
2025-04-03 21:56:16,814 [INFO] PluginManager:220 - loadIPPluginJar : add extmemmanager
2025-04-03 21:56:16,815 [INFO] IPUIPlugin:80 - create IPUIPlugin
2025-04-03 21:56:16,815 [INFO] PluginManager:220 - loadIPPluginJar : add ts
2025-04-03 21:56:16,817 [INFO] IPUIPlugin:80 - create IPUIPlugin
2025-04-03 21:56:16,817 [INFO] PluginManager:220 - loadIPPluginJar : add radio
2025-04-03 21:56:16,820 [INFO] IPUIPlugin:80 - create IPUIPlugin
2025-04-03 21:56:16,820 [INFO] PluginManager:220 - loadIPPluginJar : add can
2025-04-03 21:56:16,822 [INFO] IPUIPlugin:80 - create IPUIPlugin
2025-04-03 21:56:16,822 [INFO] PluginManager:220 - loadIPPluginJar : add dma3
2025-04-03 21:56:16,824 [INFO] IPUIPlugin:80 - create IPUIPlugin
2025-04-03 21:56:16,825 [INFO] PluginManager:220 - loadIPPluginJar : add dfsdm
2025-04-03 21:56:16,827 [INFO] IPUIPlugin:80 - create IPUIPlugin
2025-04-03 21:56:16,827 [INFO] PluginManager:220 - loadIPPluginJar : add spi
2025-04-03 21:56:16,830 [INFO] IPUIPlugin:80 - create IPUIPlugin
2025-04-03 21:56:16,830 [INFO] PluginManager:220 - loadIPPluginJar : add gfxmmu
2025-04-03 21:56:16,831 [INFO] IPUIPlugin:80 - create IPUIPlugin
2025-04-03 21:56:16,831 [INFO] PluginManager:220 - loadIPPluginJar : add genericplugin
2025-04-03 21:56:16,833 [INFO] IPUIPlugin:80 - create IPUIPlugin
2025-04-03 21:56:16,833 [INFO] PluginManager:220 - loadIPPluginJar : add cryp
2025-04-03 21:56:16,837 [INFO] IPUIPlugin:80 - create IPUIPlugin
2025-04-03 21:56:16,838 [INFO] PluginManager:220 - loadIPPluginJar : add gpio
2025-04-03 21:56:16,840 [INFO] IPUIPlugin:80 - create IPUIPlugin
2025-04-03 21:56:16,841 [INFO] PluginManager:220 - loadIPPluginJar : add ddr_ctrl_phy
2025-04-03 21:56:16,842 [INFO] IPUIPlugin:80 - create IPUIPlugin
2025-04-03 21:56:16,842 [INFO] PluginManager:220 - loadIPPluginJar : add comp
2025-04-03 21:56:16,844 [INFO] IPUIPlugin:80 - create IPUIPlugin
2025-04-03 21:56:16,844 [INFO] PluginManager:220 - loadIPPluginJar : add tracer_emb
2025-04-03 21:56:16,847 [INFO] IPUIPlugin:80 - create IPUIPlugin
2025-04-03 21:56:16,847 [INFO] PluginManager:220 - loadIPPluginJar : add openamp
2025-04-03 21:56:16,853 [INFO] IPUIPlugin:80 - create IPUIPlugin
2025-04-03 21:56:16,853 [INFO] PluginManager:220 - loadIPPluginJar : add stm32_wpan
2025-04-03 21:56:16,859 [INFO] IPUIPlugin:80 - create IPUIPlugin
2025-04-03 21:56:16,862 [INFO] PluginManager:220 - loadIPPluginJar : add plateformsettings
2025-04-03 21:56:16,866 [INFO] IPUIPlugin:80 - create IPUIPlugin
2025-04-03 21:56:16,866 [INFO] PluginManager:220 - loadIPPluginJar : add ipddr
2025-04-03 21:56:16,868 [INFO] IPUIPlugin:80 - create IPUIPlugin
2025-04-03 21:56:16,868 [INFO] PluginManager:220 - loadIPPluginJar : add usart
2025-04-03 21:56:16,870 [INFO] IPUIPlugin:80 - create IPUIPlugin
2025-04-03 21:56:16,870 [INFO] PluginManager:220 - loadIPPluginJar : add ltdc
2025-04-03 21:56:16,874 [INFO] IPUIPlugin:80 - create IPUIPlugin
2025-04-03 21:56:16,874 [INFO] PluginManager:220 - loadIPPluginJar : add nvic
2025-04-03 21:56:16,876 [INFO] IPUIPlugin:80 - create IPUIPlugin
2025-04-03 21:56:16,876 [INFO] PluginManager:220 - loadIPPluginJar : add fatfs
2025-04-03 21:56:16,883 [INFO] IPUIPlugin:80 - create IPUIPlugin
2025-04-03 21:56:16,883 [INFO] PluginManager:220 - loadIPPluginJar : add linkedlist
2025-04-03 21:56:16,889 [INFO] IPUIPlugin:80 - create IPUIPlugin
2025-04-03 21:56:16,889 [INFO] PluginManager:220 - loadIPPluginJar : add dma
2025-04-03 21:56:16,894 [INFO] IPUIPlugin:80 - create IPUIPlugin
2025-04-03 21:56:16,894 [INFO] PluginManager:220 - loadIPPluginJar : add fmc
2025-04-03 21:56:16,897 [INFO] IPUIPlugin:80 - create IPUIPlugin
2025-04-03 21:56:16,897 [INFO] PluginManager:220 - loadIPPluginJar : add i2s
2025-04-03 21:56:16,898 [INFO] IPUIPlugin:80 - create IPUIPlugin
2025-04-03 21:56:16,899 [INFO] PluginManager:220 - loadIPPluginJar : add ucpd
2025-04-03 21:56:16,901 [INFO] IPUIPlugin:80 - create IPUIPlugin
2025-04-03 21:56:16,901 [INFO] PluginManager:220 - loadIPPluginJar : add lorawan
2025-04-03 21:56:16,903 [INFO] IPUIPlugin:80 - create IPUIPlugin
2025-04-03 21:56:16,903 [INFO] PluginManager:220 - loadIPPluginJar : add opamp
2025-04-03 21:56:16,906 [INFO] IPUIPlugin:80 - create IPUIPlugin
2025-04-03 21:56:16,906 [INFO] PluginManager:220 - loadIPPluginJar : add i3c
2025-04-03 21:56:16,909 [INFO] IPUIPlugin:80 - create IPUIPlugin
2025-04-03 21:56:16,910 [INFO] PluginManager:220 - loadIPPluginJar : add touchsensing
2025-04-03 21:56:16,912 [INFO] IPUIPlugin:80 - create IPUIPlugin
2025-04-03 21:56:16,912 [INFO] PluginManager:220 - loadIPPluginJar : add i2c
2025-04-03 21:56:16,916 [INFO] IPUIPlugin:80 - create IPUIPlugin
2025-04-03 21:56:16,917 [INFO] PluginManager:220 - loadIPPluginJar : add resmgrutility
2025-04-03 21:56:16,920 [INFO] IPUIPlugin:80 - create IPUIPlugin
2025-04-03 21:56:16,920 [INFO] PluginManager:220 - loadIPPluginJar : add sai
2025-04-03 21:56:16,922 [INFO] IPUIPlugin:80 - create IPUIPlugin
2025-04-03 21:56:16,922 [INFO] PluginManager:220 - loadIPPluginJar : add usbx
2025-04-03 21:56:17,030 [FATAL] Updater:351 - Updater called before beeing initialized
2025-04-03 21:56:17,076 [INFO] RulesReader:64 - Compatibility file has been processed (301 Rules)
2025-04-03 21:56:17,087 [INFO] RulesReader:64 - Compatibility file has been processed (301 Rules)
2025-04-03 21:56:17,095 [INFO] CADModel:165 - CPN selected for project level
2025-04-03 21:56:17,096 [INFO] CADModel:114 - Register for checkConnection events
2025-04-03 21:56:17,096 [FATAL] Updater:351 - Updater called before beeing initialized
2025-04-03 21:56:17,096 [ERROR] CADModel:125 - Updater not yet initialized, retry later 
2025-04-03 21:56:17,374 [FATAL] Updater:351 - Updater called before beeing initialized
2025-04-03 21:56:17,377 [INFO] CADModel:165 - CPN selected for project level
2025-04-03 21:56:17,377 [INFO] CADModel:114 - Register for checkConnection events
2025-04-03 21:56:17,377 [FATAL] Updater:351 - Updater called before beeing initialized
2025-04-03 21:56:17,377 [ERROR] CADModel:125 - Updater not yet initialized, retry later 
2025-04-03 21:56:17,382 [FATAL] Updater:351 - Updater called before beeing initialized
2025-04-03 21:56:17,448 [FATAL] Updater:351 - Updater called before beeing initialized
2025-04-03 21:56:17,453 [INFO] DbMcusAds:53 - JSON generation date=Fri Mar 07 01:54:21 AEDT 2025 (1741272861825)
2025-04-03 21:56:17,453 [FATAL] Updater:351 - Updater called before beeing initialized
2025-04-03 21:56:17,506 [WARN] DetailPanel:346 - Failed to get advertising image, set to default
2025-04-03 21:56:17,790 [FATAL] Updater:351 - Updater called before beeing initialized
2025-04-03 21:56:17,792 [FATAL] Updater:351 - Updater called before beeing initialized
2025-04-03 21:56:17,792 [FATAL] Updater:351 - Updater called before beeing initialized
2025-04-03 21:56:17,792 [WARN] DetailPanel:346 - Failed to get advertising image, set to default
2025-04-03 21:56:17,793 [FATAL] Updater:351 - Updater called before beeing initialized
2025-04-03 21:56:17,823 [ERROR] Updater:1198 - MainUpdater not yet initialized. External WinMGr cannot be set.
2025-04-03 21:56:17,824 [INFO] Updater:1134 - Updater Version found : 6.14.0
2025-04-03 21:56:17,844 [INFO] ApplicationProperties:184 - Using Application install path: /Applications/STM32CubeIDE.app/Contents/Eclipse/plugins/com.st.stm32cube.common.mx_6.14.0.202502271554
2025-04-03 21:56:18,210 [INFO] MainUpdater:2872 - connection check result : 10
2025-04-03 21:56:18,211 [INFO] MainUpdater:289 - Updater Check For Update Now.
2025-04-03 21:56:18,211 [INFO] MicroXplorer:498 - Change Database Version : DB.6.0.140
2025-04-03 21:56:18,218 [INFO] McuFinderGlobals:63 - Set McuFinder mode to 2 (CubeIDE integrated)
2025-04-03 21:56:18,219 [INFO] UserAuth:171 - activating auth plugin
2025-04-03 21:56:18,222 [INFO] UserAuth:486 - Internet connection configuration mode: 1
2025-04-03 21:56:18,250 [INFO] JxBrowserEngine:152 - Initiate JxBrowser Engine with user profile folder
2025-04-03 21:56:18,393 [INFO] CheckServerUpdateThread:120 - End of CheckServer Thread
2025-04-03 21:56:19,471 [WARN] PackLoader:240 - Cannot read IP mode file for STMicroelectronics.FP-SNS-MOTENVWB1.1.4.0
2025-04-03 21:56:19,479 [WARN] PackLoader:240 - Cannot read IP mode file for STMicroelectronics.FP-ATR-ASTRA1.2.0.2
2025-04-03 21:56:19,489 [WARN] PackLoader:240 - Cannot read IP mode file for STMicroelectronics.X-CUBE-SMBUS.2.1.0
2025-04-03 21:56:19,497 [WARN] PackLoader:240 - Cannot read IP mode file for STMicroelectronics.X-CUBE-WB05N.1.1.0
2025-04-03 21:56:19,523 [WARN] PackLoader:240 - Cannot read IP mode file for STMicroelectronics.X-CUBE-AZRTOS-F7.1.1.0
2025-04-03 21:56:19,530 [WARN] PackLoader:240 - Cannot read IP mode file for STMicroelectronics.FP-SNS-FLIGHT1.5.0.2
2025-04-03 21:56:19,551 [WARN] PackLoader:240 - Cannot read IP mode file for Infineon.AIROC-Wi-Fi-Bluetooth-STM32.1.7.0
2025-04-03 21:56:19,576 [WARN] PackLoader:240 - Cannot read IP mode file for STMicroelectronics.X-CUBE-DISPLAY.3.0.0
2025-04-03 21:56:19,584 [WARN] PackLoader:240 - Cannot read IP mode file for STMicroelectronics.X-CUBE-BLE1.7.0.0
2025-04-03 21:56:19,589 [WARN] PackLoader:240 - Cannot read IP mode file for STMicroelectronics.X-CUBE-NFC10.1.0.0
2025-04-03 21:56:19,599 [WARN] PackLoader:240 - Cannot read IP mode file for STMicroelectronics.X-CUBE-BLEMGR.4.0.0
2025-04-03 21:56:19,606 [WARN] PackLoader:240 - Cannot read IP mode file for emotas.I-CUBE-CANOPEN.1.3.0
2025-04-03 21:56:19,609 [WARN] PackLoader:240 - Cannot read IP mode file for STMicroelectronics.X-CUBE-AI.10.0.0
2025-04-03 21:56:19,613 [WARN] PackLoader:240 - Cannot read IP mode file for STMicroelectronics.FP-SNS-SMARTAG2.1.2.0
2025-04-03 21:56:19,616 [WARN] PackLoader:240 - Cannot read IP mode file for STMicroelectronics.FP-SNS-FLIGHT1.5.1.0
2025-04-03 21:56:19,689 [WARN] PackLoader:240 - Cannot read IP mode file for STMicroelectronics.X-CUBE-MEMS1.11.1.0
2025-04-03 21:56:19,945 [INFO] LogOutputStream:77 - [STDOUT_REDIRECT] 1 : Invalid condition id : UX_CORESTACK_Condition cause : null
2025-04-03 21:56:19,967 [INFO] LogOutputStream:77 - [STDOUT_REDIRECT] 1 : Invalid condition id : UX_CORESTACK_Condition cause : null
2025-04-03 21:56:19,995 [INFO] LogOutputStream:77 - [STDOUT_REDIRECT] 1 : Invalid condition id : UX_CORESTACK_Condition cause : null
2025-04-03 21:56:20,022 [INFO] LogOutputStream:77 - [STDOUT_REDIRECT] 1 : Invalid condition id : UX_CORESTACK_Condition cause : null
2025-04-03 21:56:20,062 [INFO] LogOutputStream:77 - [STDOUT_REDIRECT] 1 : Invalid condition id : UX_CORESTACK_Condition cause : null
2025-04-03 21:56:20,093 [WARN] PackLoader:240 - Cannot read IP mode file for STMicroelectronics.X-CUBE-AZRTOS-WL.2.0.0
2025-04-03 21:56:20,138 [WARN] PackLoader:240 - Cannot read IP mode file for STMicroelectronics.FP-SNS-MOTENV1.5.0.0
2025-04-03 21:56:20,165 [WARN] PackLoader:240 - Cannot read IP mode file for WES.I-CUBE-Cesium.1.3.0
2025-04-03 21:56:20,221 [WARN] PackLoader:240 - Cannot read IP mode file for STMicroelectronics.X-CUBE-BLE2.3.3.0
2025-04-03 21:56:20,274 [WARN] PackLoader:240 - Cannot read IP mode file for STMicroelectronics.X-CUBE-NFC9.1.0.0
2025-04-03 21:56:20,323 [WARN] PackLoader:240 - Cannot read IP mode file for STMicroelectronics.X-CUBE-BLE1.7.1.0
2025-04-03 21:56:20,399 [WARN] PackLoader:240 - Cannot read IP mode file for wolfSSL.I-CUBE-wolfMQTT.1.19.2
2025-04-03 21:56:20,403 [INFO] WebApp:169 - Instantiating new browser for Auth
2025-04-03 21:56:20,423 [WARN] PackLoader:240 - Cannot read IP mode file for STMicroelectronics.X-CUBE-AZRTOS-G0.1.1.0
2025-04-03 21:56:20,449 [WARN] PackLoader:240 - Cannot read IP mode file for STMicroelectronics.X-CUBE-SAFEA1.1.2.2
2025-04-03 21:56:20,526 [WARN] PackLoader:240 - Cannot read IP mode file for STMicroelectronics.X-CUBE-NFC4.3.0.0
2025-04-03 21:56:20,664 [WARN] PackLoader:240 - Cannot read IP mode file for EmbeddedOffice.I-CUBE-FS-RTOS.1.0.1
2025-04-03 21:56:20,777 [WARN] PackLoader:240 - Cannot read IP mode file for wolfSSL.I-CUBE-wolfTPM.3.8.0
2025-04-03 21:56:20,866 [WARN] PackLoader:240 - Cannot read IP mode file for STMicroelectronics.X-CUBE-TCPP.4.2.0
2025-04-03 21:56:20,955 [WARN] PackLoader:240 - Cannot read IP mode file for RealThread.X-CUBE-RT-Thread_Nano.4.1.1
2025-04-03 21:56:21,013 [WARN] PackLoader:240 - Cannot read IP mode file for STMicroelectronics.FP-ATR-SIGFOX1.3.2.0
2025-04-03 21:56:21,123 [WARN] ConditionMgr:438 - getConditionDescription Invalid condition id : Cortex-A Device cause : null
2025-04-03 21:56:21,281 [WARN] ConditionMgr:1044 - genDependencies : Invalid condition id : Cortex-A Device cause : null
2025-04-03 21:56:21,324 [WARN] ConditionMgr:1044 - genDependencies : Invalid condition id : Cortex-A Device cause : null
2025-04-03 21:56:21,348 [WARN] ConditionMgr:1044 - genDependencies : Invalid condition id : Cortex-A Device cause : null
2025-04-03 21:56:21,426 [WARN] PackLoader:240 - Cannot read IP mode file for STMicroelectronics.X-CUBE-EEPRMA1.5.1.0
2025-04-03 21:56:21,462 [WARN] PackLoader:240 - Cannot read IP mode file for wolfSSL.I-CUBE-wolfSSL.5.7.6
2025-04-03 21:56:21,591 [WARN] PackLoader:240 - Cannot read IP mode file for ITTIA_DB.I-CUBE-ITTIADB.8.9.0
2025-04-03 21:56:21,612 [INFO] WebApp:463 - Apply proxy settings
2025-04-03 21:56:21,627 [INFO] WebApp:508 - Chromium authenticates against Manually configured proxy
2025-04-03 21:56:21,651 [INFO] WebApp:516 - Username used for proxy authentication: 
2025-04-03 21:56:21,689 [WARN] PackLoader:240 - Cannot read IP mode file for SEGGER.I-CUBE-embOS.1.3.1
2025-04-03 21:56:21,705 [INFO] WebApp:894 - Register for checkConnection events
2025-04-03 21:56:21,751 [INFO] WebApp:463 - Apply proxy settings
2025-04-03 21:56:21,772 [INFO] WebApp:508 - Chromium authenticates against Manually configured proxy
2025-04-03 21:56:21,791 [INFO] WebApp:516 - Username used for proxy authentication: 
2025-04-03 21:56:21,792 [WARN] PackLoader:240 - Cannot read IP mode file for STMicroelectronics.X-CUBE-ALGOBUILD.1.4.0
2025-04-03 21:56:21,889 [WARN] PackLoader:240 - Cannot read IP mode file for STMicroelectronics.X-CUBE-AZRTOS-F4.1.1.0
2025-04-03 21:56:21,978 [WARN] PackLoader:240 - Cannot read IP mode file for STMicroelectronics.X-CUBE-ISPU.2.1.0
2025-04-03 21:56:22,037 [INFO] WebApp:225 - Starting web application
2025-04-03 21:56:22,040 [WARN] PackLoader:240 - Cannot read IP mode file for STMicroelectronics.X-CUBE-AZRTOS-L5.2.0.0
2025-04-03 21:56:22,055 [INFO] WebApp:593 - Web application path used /Applications/STM32CubeIDE.app/Contents/Eclipse/plugins/com.st.stm32cube.common.mx_6.14.0.202502271554/db/plugins/mcufinder/reactClient1/index.html
2025-04-03 21:56:22,174 [WARN] PackLoader:240 - Cannot read IP mode file for STMicroelectronics.X-CUBE-NFC6.3.1.0
2025-04-03 21:56:22,306 [WARN] PackLoader:240 - Cannot read IP mode file for STMicroelectronics.X-CUBE-DPower.1.2.0
2025-04-03 21:56:22,369 [WARN] PackLoader:240 - Cannot read IP mode file for STMicroelectronics.X-CUBE-FREERTOS.1.3.0
2025-04-03 21:56:22,449 [WARN] PackLoader:240 - Cannot read IP mode file for STMicroelectronics.X-CUBE-NFC7.1.0.1
2025-04-03 21:56:22,497 [WARN] PackLoader:240 - Cannot read IP mode file for STMicroelectronics.X-CUBE-DPower.1.3.0
2025-04-03 21:56:22,539 [WARN] ConditionMgr:438 - getConditionDescription Invalid condition id : LAN8742 Phy interface Condition cause : null
2025-04-03 21:56:22,548 [WARN] PackLoader:240 - Cannot read IP mode file for STMicroelectronics.X-CUBE-AZRTOS-L4.2.0.0
2025-04-03 21:56:22,557 [WARN] ConditionMgr:1044 - genDependencies : Invalid condition id : LAN8742 Phy interface Condition cause : null
2025-04-03 21:56:22,569 [WARN] ConditionMgr:1044 - genDependencies : Invalid condition id : LAN8742 Phy interface Condition cause : null
2025-04-03 21:56:22,611 [WARN] ConditionMgr:1044 - genDependencies : Invalid condition id : LAN8742 Phy interface Condition cause : null
2025-04-03 21:56:22,650 [WARN] PackLoader:240 - Cannot read IP mode file for STMicroelectronics.X-CUBE-SFXS2LP1.4.0.0
2025-04-03 21:56:22,701 [WARN] PackLoader:240 - Cannot read IP mode file for STMicroelectronics.X-CUBE-AZRTOS-H7.3.3.0
2025-04-03 21:56:22,717 [INFO] WebApp:191 - Connection restablished
2025-04-03 21:56:22,788 [WARN] ConditionMgr:438 - getConditionDescription Invalid condition id : UX DEVICE CLASS RTOS Condition cause : null
2025-04-03 21:56:22,806 [WARN] ConditionMgr:438 - getConditionDescription Invalid condition id : UX DEVICE CLASS RTOS Condition cause : null
2025-04-03 21:56:22,826 [WARN] PackLoader:240 - Cannot read IP mode file for STMicroelectronics.X-CUBE-AZRTOS-WB.2.0.0
2025-04-03 21:56:22,884 [WARN] ConditionMgr:1044 - genDependencies : Invalid condition id : UX DEVICE CLASS RTOS Condition cause : null
2025-04-03 21:56:22,919 [WARN] ConditionMgr:1044 - genDependencies : Invalid condition id : UX DEVICE CLASS RTOS Condition cause : null
2025-04-03 21:56:22,940 [WARN] ConditionMgr:1044 - genDependencies : Invalid condition id : UX DEVICE CLASS RTOS Condition cause : null
2025-04-03 21:56:22,976 [WARN] ConditionMgr:1044 - genDependencies : Invalid condition id : UX DEVICE CLASS RTOS Condition cause : null
2025-04-03 21:56:22,994 [WARN] ConditionMgr:1044 - genDependencies : Invalid condition id : UX DEVICE CLASS RTOS Condition cause : null
2025-04-03 21:56:23,054 [WARN] PackLoader:240 - Cannot read IP mode file for STMicroelectronics.X-CUBE-GNSS1.7.0.1
2025-04-03 21:56:23,101 [WARN] PackLoader:240 - Cannot read IP mode file for STMicroelectronics.X-CUBE-TOUCHGFX.4.25.0
2025-04-03 21:56:23,142 [WARN] PackLoader:240 - Cannot read IP mode file for STMicroelectronics.FP-SNS-STBOX1.2.0.0
2025-04-03 21:56:23,189 [WARN] PackLoader:240 - Cannot read IP mode file for STMicroelectronics.X-CUBE-SUBG2.5.0.0
2025-04-03 21:56:23,232 [WARN] PackLoader:240 - Cannot read IP mode file for STMicroelectronics.X-CUBE-AZRTOS-H7RS.1.1.0
2025-04-03 21:56:23,268 [WARN] PackLoader:240 - Cannot read IP mode file for Cesanta.I-CUBE-Mongoose.7.13.0
2025-04-03 21:56:23,324 [WARN] PackLoader:240 - Cannot read IP mode file for STMicroelectronics.X-CUBE-AZRTOS-G4.2.0.0
2025-04-03 21:56:23,352 [WARN] PackLoader:240 - Cannot read IP mode file for wolfSSL.I-CUBE-wolfSSH.1.4.20
2025-04-03 21:56:23,397 [WARN] PackLoader:240 - Cannot read IP mode file for STMicroelectronics.X-CUBE-IPS.3.1.0
2025-04-03 21:56:23,433 [WARN] PackLoader:240 - Cannot read IP mode file for STMicroelectronics.X-CUBE-ALS.1.0.2
2025-04-03 21:56:23,471 [WARN] PackLoader:240 - Cannot read IP mode file for STMicroelectronics.X-CUBE-TOUCHGFX.4.24.2
2025-04-03 21:56:23,529 [WARN] PackLoader:240 - Cannot read IP mode file for portGmbH.I-Cube-SoM-uGOAL.1.1.0
2025-04-03 21:56:23,582 [WARN] PackLoader:240 - Cannot read IP mode file for STMicroelectronics.X-CUBE-AZRTOS-H7RS.1.0.0
2025-04-03 21:56:23,617 [WARN] PackLoader:240 - Cannot read IP mode file for STMicroelectronics.X-CUBE-TOF1.3.4.2
2025-04-03 21:56:23,641 [INFO] ThirdParty:978 - Integrity check success = true
2025-04-03 21:56:23,654 [INFO] IntegrityCheckThread:100 - exiting critical section [integrity check]
2025-04-03 21:56:23,654 [INFO] IntegrityCheckThread:103 - End integrity checks thread
2025-04-03 23:10:04,794 [ERROR] LogOutputStream:75 - [STDERR_REDIRECT] 
