2025-04-10 11:25:36,837 [INFO] Activator:176 - 


2025-04-10 11:25:36,843 [INFO] Activator:177 - !SESSION log4j initialized
2025-04-10 11:25:40,047 [INFO] LogOutputStream:77 - [STDOUT_REDIRECT] 
2025-04-10 11:25:40,882 [ERROR] LogOutputStream:75 - [STDERR_REDIRECT] 
2025-04-10 11:25:42,847 [INFO] LogOutputStream:77 - [STDOUT_REDIRECT] 
2025-04-10 11:25:43,403 [INFO] ApplicationProperties:184 - Using Application install path: /Applications/STM32CubeIDE.app/Contents/Eclipse/plugins/com.st.stm32cube.common.mx_6.14.0.202502271554
2025-04-10 11:25:43,421 [INFO] DbMcusXml:78 - Set database path to: /Applications/STM32CubeIDE.app/Contents/Eclipse/plugins/com.st.stm32cube.common.mx_6.14.0.202502271554//db//mcu/
2025-04-10 11:25:43,421 [INFO] ApiDb:274 - Set plugin database path to: /Applications/STM32CubeIDE.app/Contents/Eclipse/plugins/com.st.stm32cube.common.mx_6.14.0.202502271554//db//plugins/boardmanager/
2025-04-10 11:25:43,422 [WARN] ApiDb:259 - Overriding images path with different value:  => /Applications/STM32CubeIDE.app/Contents/Eclipse/plugins/com.st.stm32cube.common.mx_6.14.0.202502271554//db//plugins/mcufinder/images/
2025-04-10 11:25:43,427 [INFO] ApiDb:250 - Set database path to: /Users/haileythill-turke/.stmcufinder/plugins/mcufinder//mcu/
2025-04-10 11:25:43,428 [INFO] DbMcusAds:125 - Set database path to: /Users/haileythill-turke/.stmcufinder/plugins/mcufinder//mcu/
2025-04-10 11:25:43,430 [INFO] CrossReferenceDbSqlite:203 - Set database path to: /Users/haileythill-turke/.stmcufinder/plugins/mcufinder//mcu/cs/
2025-04-10 11:25:43,540 [INFO] RulesReader:64 - Compatibility file has been processed (301 Rules)
2025-04-10 11:25:43,628 [INFO] DbMcusXml:78 - Set database path to: /Applications/STM32CubeIDE.app/Contents/Eclipse/plugins/com.st.stm32cube.common.mx_6.14.0.202502271554//db//mcu/
2025-04-10 11:25:43,628 [INFO] ApiDb:274 - Set plugin database path to: /Applications/STM32CubeIDE.app/Contents/Eclipse/plugins/com.st.stm32cube.common.mx_6.14.0.202502271554//db//plugins/boardmanager/
2025-04-10 11:25:43,628 [INFO] ApiDb:261 - Set plugin images path to: /Applications/STM32CubeIDE.app/Contents/Eclipse/plugins/com.st.stm32cube.common.mx_6.14.0.202502271554//db//plugins/mcufinder/images/
2025-04-10 11:25:43,628 [WARN] DbFile:41 - Overriding database path with different value: /Users/haileythill-turke/.stmcufinder/plugins/mcufinder/ => /Users/haileythill-turke/.stmcufinder/plugins/mcufinder
2025-04-10 11:25:43,628 [INFO] ApiDb:250 - Set database path to: /Users/haileythill-turke/.stmcufinder/plugins/mcufinder//mcu/
2025-04-10 11:25:43,628 [WARN] DbFile:41 - Overriding database path with different value: /Users/haileythill-turke/.stmcufinder/plugins/mcufinder/ => /Users/haileythill-turke/.stmcufinder/plugins/mcufinder
2025-04-10 11:25:43,628 [INFO] DbMcusAds:125 - Set database path to: /Users/haileythill-turke/.stmcufinder/plugins/mcufinder//mcu/
2025-04-10 11:25:43,629 [WARN] DbFile:41 - Overriding database path with different value: /Users/haileythill-turke/.stmcufinder/plugins/mcufinder/ => /Users/haileythill-turke/.stmcufinder/plugins/mcufinder
2025-04-10 11:25:43,629 [WARN] DbFile:41 - Overriding database path with different value: /Users/haileythill-turke/.stmcufinder/plugins/mcufinder/ => /Users/haileythill-turke/.stmcufinder/plugins/mcufinder
2025-04-10 11:25:43,629 [INFO] CrossReferenceDbSqlite:203 - Set database path to: /Users/haileythill-turke/.stmcufinder/plugins/mcufinder//mcu/cs/
2025-04-10 11:25:43,710 [INFO] MainPanel:272 - HeapMemory: 268435456
2025-04-10 11:25:44,608 [INFO] DbMcusXml:78 - Set database path to: /Applications/STM32CubeIDE.app/Contents/Eclipse/plugins/com.st.stm32cube.common.mx_6.14.0.202502271554//db//mcu/
2025-04-10 11:25:44,608 [INFO] ApiDb:274 - Set plugin database path to: /Applications/STM32CubeIDE.app/Contents/Eclipse/plugins/com.st.stm32cube.common.mx_6.14.0.202502271554//db//plugins/boardmanager/
2025-04-10 11:25:44,608 [INFO] ApiDb:261 - Set plugin images path to: /Applications/STM32CubeIDE.app/Contents/Eclipse/plugins/com.st.stm32cube.common.mx_6.14.0.202502271554//db//plugins/mcufinder/images/
2025-04-10 11:25:44,608 [WARN] DbFile:41 - Overriding database path with different value: /Users/haileythill-turke/.stmcufinder/plugins/mcufinder/ => /Users/haileythill-turke/.stmcufinder/plugins/mcufinder
2025-04-10 11:25:44,609 [INFO] ApiDb:250 - Set database path to: /Users/haileythill-turke/.stmcufinder/plugins/mcufinder//mcu/
2025-04-10 11:25:44,609 [WARN] DbFile:41 - Overriding database path with different value: /Users/haileythill-turke/.stmcufinder/plugins/mcufinder/ => /Users/haileythill-turke/.stmcufinder/plugins/mcufinder
2025-04-10 11:25:44,609 [INFO] DbMcusAds:125 - Set database path to: /Users/haileythill-turke/.stmcufinder/plugins/mcufinder//mcu/
2025-04-10 11:25:44,609 [WARN] DbFile:41 - Overriding database path with different value: /Users/haileythill-turke/.stmcufinder/plugins/mcufinder/ => /Users/haileythill-turke/.stmcufinder/plugins/mcufinder
2025-04-10 11:25:44,609 [WARN] DbFile:41 - Overriding database path with different value: /Users/haileythill-turke/.stmcufinder/plugins/mcufinder/ => /Users/haileythill-turke/.stmcufinder/plugins/mcufinder
2025-04-10 11:25:44,609 [INFO] CrossReferenceDbSqlite:203 - Set database path to: /Users/haileythill-turke/.stmcufinder/plugins/mcufinder//mcu/cs/
2025-04-10 11:25:44,626 [INFO] ApplicationProperties:184 - Using Application install path: /Applications/STM32CubeIDE.app/Contents/Eclipse/plugins/com.st.stm32cube.common.mx_6.14.0.202502271554
2025-04-10 11:25:44,628 [INFO] PluginManage:196 - Search for loadable plugins [exclusion list=, ]
2025-04-10 11:25:44,630 [INFO] PluginManage:310 - Check plugin analytics
2025-04-10 11:25:44,796 [INFO] AnalyticsPlugin:253 - Accepted Software Licenses: 
2025-04-10 11:25:44,796 [INFO] AnalyticsPlugin:255 - Accepted CMSIS Pack Licenses: 
2025-04-10 11:25:44,797 [INFO] AnalyticsPlugin:257 - Accepted Firmware Licenses: 
2025-04-10 11:25:44,799 [INFO] PluginManage:359 - Loaded plugin analytics (category:tool,tabindex:-1)
2025-04-10 11:25:44,799 [INFO] PluginManage:310 - Check plugin cadmodel
2025-04-10 11:25:44,804 [INFO] CADModel:105 - Init CAD model plugin
2025-04-10 11:25:44,804 [INFO] PluginManage:359 - Loaded plugin cadmodel (category:power,tabindex:5)
2025-04-10 11:25:44,804 [INFO] PluginManage:310 - Check plugin clock
2025-04-10 11:25:44,814 [INFO] PluginManage:359 - Loaded plugin clock (category:base,tabindex:2)
2025-04-10 11:25:44,814 [INFO] PluginManage:310 - Check plugin ddr
2025-04-10 11:25:44,817 [INFO] PluginManage:359 - Loaded plugin ddr (category:tool,tabindex:6)
2025-04-10 11:25:44,817 [INFO] PluginManage:310 - Check plugin filemanager
2025-04-10 11:25:44,958 [INFO] PluginManage:359 - Loaded plugin filemanager (category:base,tabindex:10)
2025-04-10 11:25:44,959 [INFO] PluginManage:310 - Check plugin ipmanager
2025-04-10 11:25:44,964 [INFO] PluginManage:359 - Loaded plugin ipmanager (category:base,tabindex:5)
2025-04-10 11:25:44,964 [INFO] PluginManage:310 - Check plugin lpbam
2025-04-10 11:25:44,973 [INFO] PluginManage:359 - Loaded plugin lpbam (category:base,tabindex:0)
2025-04-10 11:25:44,973 [INFO] PluginManage:310 - Check plugin memorymap
2025-04-10 11:25:44,985 [INFO] PluginManage:359 - Loaded plugin memorymap (category:base,tabindex:4)
2025-04-10 11:25:44,985 [INFO] PluginManage:310 - Check plugin pinoutandconfiguration
2025-04-10 11:25:44,993 [INFO] PluginManage:359 - Loaded plugin pinoutandconfiguration (category:base,tabindex:1)
2025-04-10 11:25:44,993 [INFO] PluginManage:310 - Check plugin pinoutconfig
2025-04-10 11:25:45,077 [WARN] SupportedApi:132 - Cannot load RTOS API schema: s4s-elt-must-match.1: The content of 'definitions' must match (annotation?, (simpleType | complexType)?, (unique | key | keyref)*)). A problem was found starting at: attribute.
2025-04-10 11:25:45,201 [INFO] PluginManage:359 - Loaded plugin pinoutconfig (category:base,tabindex:0)
2025-04-10 11:25:45,202 [INFO] PluginManage:310 - Check plugin power
2025-04-10 11:25:45,211 [INFO] PluginManage:359 - Loaded plugin power (category:power,tabindex:4)
2025-04-10 11:25:45,211 [INFO] PluginManage:310 - Check plugin projectmanager
2025-04-10 11:25:45,223 [INFO] PluginManage:359 - Loaded plugin projectmanager (category:projectmanager,tabindex:4)
2025-04-10 11:25:45,223 [INFO] PluginManage:310 - Check plugin rif
2025-04-10 11:25:45,231 [INFO] PluginManage:359 - Loaded plugin rif (category:base,tabindex:3)
2025-04-10 11:25:45,231 [INFO] PluginManage:310 - Check plugin thirdparty
2025-04-10 11:25:45,343 [INFO] PluginManage:359 - Loaded plugin thirdparty (category:base,tabindex:-1)
2025-04-10 11:25:45,343 [INFO] PluginManage:310 - Check plugin tools
2025-04-10 11:25:45,343 [WARN] IntegrityCheckThread:84 - waiting for thirdparty lock release [integrity check]
2025-04-10 11:25:45,344 [INFO] IntegrityCheckThread:86 - entering critical section [integrity check]
2025-04-10 11:25:45,344 [INFO] ThirdPartyUpdaterWithRetryManager:70 - Updater plugin not ready yet. [1/15]
2025-04-10 11:25:45,346 [INFO] PluginManage:359 - Loaded plugin tools (category:base,tabindex:7)
2025-04-10 11:25:45,346 [INFO] PluginManage:310 - Check plugin tutovideos
2025-04-10 11:25:45,511 [INFO] PluginManage:359 - Loaded plugin tutovideos (category:base,tabindex:-1)
2025-04-10 11:25:45,512 [INFO] PluginManage:310 - Check plugin updater
2025-04-10 11:25:45,532 [INFO] PluginManage:359 - Loaded plugin updater (category:base,tabindex:12)
2025-04-10 11:25:45,533 [INFO] PluginManage:310 - Check plugin userauth
2025-04-10 11:25:45,537 [INFO] UserAuth:118 - Init User Auth plugin
2025-04-10 11:25:45,538 [INFO] PluginManage:359 - Loaded plugin userauth (category:base,tabindex:14)
2025-04-10 11:25:45,538 [INFO] PluginManage:283 - PluginManage : Loaded plugins [18]
2025-04-10 11:25:45,711 [INFO] PinOutPanel:1589 - setPackage(No Configuration,No Configuration)
2025-04-10 11:25:45,792 [INFO] CADModel:165 - CPN selected for project level
2025-04-10 11:25:45,793 [INFO] CADModel:114 - Register for checkConnection events
2025-04-10 11:25:45,807 [INFO] IPUIPlugin:80 - create IPUIPlugin
2025-04-10 11:25:45,808 [INFO] PluginManager:220 - loadIPPluginJar : add mdma
2025-04-10 11:25:45,815 [INFO] IPUIPlugin:80 - create IPUIPlugin
2025-04-10 11:25:45,816 [INFO] PluginManager:220 - loadIPPluginJar : add freertos
2025-04-10 11:25:45,821 [INFO] IPUIPlugin:80 - create IPUIPlugin
2025-04-10 11:25:45,821 [INFO] PluginManager:220 - loadIPPluginJar : add gic
2025-04-10 11:25:45,831 [INFO] IPUIPlugin:80 - create IPUIPlugin
2025-04-10 11:25:45,831 [INFO] PluginManager:220 - loadIPPluginJar : add adc
2025-04-10 11:25:45,834 [INFO] IPUIPlugin:80 - create IPUIPlugin
2025-04-10 11:25:45,834 [INFO] PluginManager:220 - loadIPPluginJar : add gtzc
2025-04-10 11:25:45,835 [INFO] IPUIPlugin:80 - create IPUIPlugin
2025-04-10 11:25:45,835 [INFO] PluginManager:220 - loadIPPluginJar : add quadspi
2025-04-10 11:25:45,838 [INFO] IPUIPlugin:80 - create IPUIPlugin
2025-04-10 11:25:45,838 [INFO] PluginManager:220 - loadIPPluginJar : add aes
2025-04-10 11:25:45,841 [INFO] IPUIPlugin:80 - create IPUIPlugin
2025-04-10 11:25:45,841 [INFO] PluginManager:220 - loadIPPluginJar : add pdm2pcm
2025-04-10 11:25:45,843 [INFO] IPUIPlugin:80 - create IPUIPlugin
2025-04-10 11:25:45,843 [INFO] PluginManager:220 - loadIPPluginJar : add hash
2025-04-10 11:25:45,844 [INFO] IPUIPlugin:80 - create IPUIPlugin
2025-04-10 11:25:45,845 [INFO] PluginManager:220 - loadIPPluginJar : add tim
2025-04-10 11:25:45,846 [INFO] IPUIPlugin:80 - create IPUIPlugin
2025-04-10 11:25:45,846 [INFO] PluginManager:220 - loadIPPluginJar : add tsc
2025-04-10 11:25:45,848 [INFO] IPUIPlugin:80 - create IPUIPlugin
2025-04-10 11:25:45,849 [INFO] PluginManager:220 - loadIPPluginJar : add extmemmanager
2025-04-10 11:25:45,850 [INFO] IPUIPlugin:80 - create IPUIPlugin
2025-04-10 11:25:45,850 [INFO] PluginManager:220 - loadIPPluginJar : add ts
2025-04-10 11:25:45,852 [INFO] IPUIPlugin:80 - create IPUIPlugin
2025-04-10 11:25:45,852 [INFO] PluginManager:220 - loadIPPluginJar : add radio
2025-04-10 11:25:45,854 [INFO] IPUIPlugin:80 - create IPUIPlugin
2025-04-10 11:25:45,855 [INFO] PluginManager:220 - loadIPPluginJar : add can
2025-04-10 11:25:45,857 [INFO] IPUIPlugin:80 - create IPUIPlugin
2025-04-10 11:25:45,857 [INFO] PluginManager:220 - loadIPPluginJar : add dma3
2025-04-10 11:25:45,859 [INFO] IPUIPlugin:80 - create IPUIPlugin
2025-04-10 11:25:45,859 [INFO] PluginManager:220 - loadIPPluginJar : add dfsdm
2025-04-10 11:25:45,861 [INFO] IPUIPlugin:80 - create IPUIPlugin
2025-04-10 11:25:45,861 [INFO] PluginManager:220 - loadIPPluginJar : add spi
2025-04-10 11:25:45,863 [INFO] IPUIPlugin:80 - create IPUIPlugin
2025-04-10 11:25:45,863 [INFO] PluginManager:220 - loadIPPluginJar : add gfxmmu
2025-04-10 11:25:45,864 [INFO] IPUIPlugin:80 - create IPUIPlugin
2025-04-10 11:25:45,865 [INFO] PluginManager:220 - loadIPPluginJar : add genericplugin
2025-04-10 11:25:45,866 [INFO] IPUIPlugin:80 - create IPUIPlugin
2025-04-10 11:25:45,866 [INFO] PluginManager:220 - loadIPPluginJar : add cryp
2025-04-10 11:25:45,870 [INFO] IPUIPlugin:80 - create IPUIPlugin
2025-04-10 11:25:45,870 [INFO] PluginManager:220 - loadIPPluginJar : add gpio
2025-04-10 11:25:45,873 [INFO] IPUIPlugin:80 - create IPUIPlugin
2025-04-10 11:25:45,873 [INFO] PluginManager:220 - loadIPPluginJar : add ddr_ctrl_phy
2025-04-10 11:25:45,874 [INFO] IPUIPlugin:80 - create IPUIPlugin
2025-04-10 11:25:45,875 [INFO] PluginManager:220 - loadIPPluginJar : add comp
2025-04-10 11:25:45,876 [INFO] IPUIPlugin:80 - create IPUIPlugin
2025-04-10 11:25:45,876 [INFO] PluginManager:220 - loadIPPluginJar : add tracer_emb
2025-04-10 11:25:45,879 [INFO] IPUIPlugin:80 - create IPUIPlugin
2025-04-10 11:25:45,879 [INFO] PluginManager:220 - loadIPPluginJar : add openamp
2025-04-10 11:25:45,885 [INFO] IPUIPlugin:80 - create IPUIPlugin
2025-04-10 11:25:45,885 [INFO] PluginManager:220 - loadIPPluginJar : add stm32_wpan
2025-04-10 11:25:45,890 [INFO] IPUIPlugin:80 - create IPUIPlugin
2025-04-10 11:25:45,893 [INFO] PluginManager:220 - loadIPPluginJar : add plateformsettings
2025-04-10 11:25:45,896 [INFO] IPUIPlugin:80 - create IPUIPlugin
2025-04-10 11:25:45,896 [INFO] PluginManager:220 - loadIPPluginJar : add ipddr
2025-04-10 11:25:45,899 [INFO] IPUIPlugin:80 - create IPUIPlugin
2025-04-10 11:25:45,899 [INFO] PluginManager:220 - loadIPPluginJar : add usart
2025-04-10 11:25:45,901 [INFO] IPUIPlugin:80 - create IPUIPlugin
2025-04-10 11:25:45,901 [INFO] PluginManager:220 - loadIPPluginJar : add ltdc
2025-04-10 11:25:45,904 [INFO] IPUIPlugin:80 - create IPUIPlugin
2025-04-10 11:25:45,904 [INFO] PluginManager:220 - loadIPPluginJar : add nvic
2025-04-10 11:25:45,906 [INFO] IPUIPlugin:80 - create IPUIPlugin
2025-04-10 11:25:45,906 [INFO] PluginManager:220 - loadIPPluginJar : add fatfs
2025-04-10 11:25:45,913 [INFO] IPUIPlugin:80 - create IPUIPlugin
2025-04-10 11:25:45,913 [INFO] PluginManager:220 - loadIPPluginJar : add linkedlist
2025-04-10 11:25:45,918 [INFO] IPUIPlugin:80 - create IPUIPlugin
2025-04-10 11:25:45,918 [INFO] PluginManager:220 - loadIPPluginJar : add dma
2025-04-10 11:25:45,922 [INFO] IPUIPlugin:80 - create IPUIPlugin
2025-04-10 11:25:45,922 [INFO] PluginManager:220 - loadIPPluginJar : add fmc
2025-04-10 11:25:45,924 [INFO] IPUIPlugin:80 - create IPUIPlugin
2025-04-10 11:25:45,924 [INFO] PluginManager:220 - loadIPPluginJar : add i2s
2025-04-10 11:25:45,926 [INFO] IPUIPlugin:80 - create IPUIPlugin
2025-04-10 11:25:45,926 [INFO] PluginManager:220 - loadIPPluginJar : add ucpd
2025-04-10 11:25:45,928 [INFO] IPUIPlugin:80 - create IPUIPlugin
2025-04-10 11:25:45,928 [INFO] PluginManager:220 - loadIPPluginJar : add lorawan
2025-04-10 11:25:45,930 [INFO] IPUIPlugin:80 - create IPUIPlugin
2025-04-10 11:25:45,930 [INFO] PluginManager:220 - loadIPPluginJar : add opamp
2025-04-10 11:25:45,933 [INFO] IPUIPlugin:80 - create IPUIPlugin
2025-04-10 11:25:45,933 [INFO] PluginManager:220 - loadIPPluginJar : add i3c
2025-04-10 11:25:45,937 [INFO] IPUIPlugin:80 - create IPUIPlugin
2025-04-10 11:25:45,937 [INFO] PluginManager:220 - loadIPPluginJar : add touchsensing
2025-04-10 11:25:45,940 [INFO] IPUIPlugin:80 - create IPUIPlugin
2025-04-10 11:25:45,940 [INFO] PluginManager:220 - loadIPPluginJar : add i2c
2025-04-10 11:25:45,943 [INFO] IPUIPlugin:80 - create IPUIPlugin
2025-04-10 11:25:45,943 [INFO] PluginManager:220 - loadIPPluginJar : add resmgrutility
2025-04-10 11:25:45,946 [INFO] IPUIPlugin:80 - create IPUIPlugin
2025-04-10 11:25:45,946 [INFO] PluginManager:220 - loadIPPluginJar : add sai
2025-04-10 11:25:45,949 [INFO] IPUIPlugin:80 - create IPUIPlugin
2025-04-10 11:25:45,949 [INFO] PluginManager:220 - loadIPPluginJar : add usbx
2025-04-10 11:25:46,050 [FATAL] Updater:351 - Updater called before beeing initialized
2025-04-10 11:25:46,089 [INFO] RulesReader:64 - Compatibility file has been processed (301 Rules)
2025-04-10 11:25:46,099 [INFO] RulesReader:64 - Compatibility file has been processed (301 Rules)
2025-04-10 11:25:46,107 [INFO] CADModel:165 - CPN selected for project level
2025-04-10 11:25:46,107 [INFO] CADModel:114 - Register for checkConnection events
2025-04-10 11:25:46,107 [FATAL] Updater:351 - Updater called before beeing initialized
2025-04-10 11:25:46,107 [ERROR] CADModel:125 - Updater not yet initialized, retry later 
2025-04-10 11:25:46,304 [FATAL] Updater:351 - Updater called before beeing initialized
2025-04-10 11:25:46,306 [INFO] CADModel:165 - CPN selected for project level
2025-04-10 11:25:46,307 [INFO] CADModel:114 - Register for checkConnection events
2025-04-10 11:25:46,307 [FATAL] Updater:351 - Updater called before beeing initialized
2025-04-10 11:25:46,307 [ERROR] CADModel:125 - Updater not yet initialized, retry later 
2025-04-10 11:25:46,310 [FATAL] Updater:351 - Updater called before beeing initialized
2025-04-10 11:25:46,377 [FATAL] Updater:351 - Updater called before beeing initialized
2025-04-10 11:25:46,382 [INFO] DbMcusAds:53 - JSON generation date=Fri Mar 07 01:54:21 AEDT 2025 (1741272861825)
2025-04-10 11:25:46,382 [FATAL] Updater:351 - Updater called before beeing initialized
2025-04-10 11:25:46,442 [WARN] DetailPanel:346 - Failed to get advertising image, set to default
2025-04-10 11:25:46,710 [FATAL] Updater:351 - Updater called before beeing initialized
2025-04-10 11:25:46,712 [FATAL] Updater:351 - Updater called before beeing initialized
2025-04-10 11:25:46,712 [FATAL] Updater:351 - Updater called before beeing initialized
2025-04-10 11:25:46,712 [WARN] DetailPanel:346 - Failed to get advertising image, set to default
2025-04-10 11:25:46,713 [FATAL] Updater:351 - Updater called before beeing initialized
2025-04-10 11:25:46,743 [ERROR] Updater:1198 - MainUpdater not yet initialized. External WinMGr cannot be set.
2025-04-10 11:25:46,745 [INFO] Updater:1134 - Updater Version found : 6.14.0
2025-04-10 11:25:46,764 [INFO] ApplicationProperties:184 - Using Application install path: /Applications/STM32CubeIDE.app/Contents/Eclipse/plugins/com.st.stm32cube.common.mx_6.14.0.202502271554
2025-04-10 11:25:47,004 [INFO] MainUpdater:2872 - connection check result : 10
2025-04-10 11:25:47,004 [INFO] MainUpdater:289 - Updater Check For Update Now.
2025-04-10 11:25:47,005 [INFO] MicroXplorer:498 - Change Database Version : DB.6.0.140
2025-04-10 11:25:47,010 [INFO] McuFinderGlobals:63 - Set McuFinder mode to 2 (CubeIDE integrated)
2025-04-10 11:25:47,011 [INFO] UserAuth:171 - activating auth plugin
2025-04-10 11:25:47,013 [INFO] UserAuth:486 - Internet connection configuration mode: 1
2025-04-10 11:25:47,034 [INFO] JxBrowserEngine:152 - Initiate JxBrowser Engine with user profile folder
2025-04-10 11:25:47,173 [INFO] CheckServerUpdateThread:120 - End of CheckServer Thread
2025-04-10 11:25:48,510 [WARN] PackLoader:240 - Cannot read IP mode file for STMicroelectronics.FP-SNS-MOTENVWB1.1.4.0
2025-04-10 11:25:48,520 [WARN] PackLoader:240 - Cannot read IP mode file for STMicroelectronics.FP-ATR-ASTRA1.2.0.2
2025-04-10 11:25:48,531 [WARN] PackLoader:240 - Cannot read IP mode file for STMicroelectronics.X-CUBE-SMBUS.2.1.0
2025-04-10 11:25:48,542 [WARN] PackLoader:240 - Cannot read IP mode file for STMicroelectronics.X-CUBE-WB05N.1.1.0
2025-04-10 11:25:48,586 [WARN] PackLoader:240 - Cannot read IP mode file for STMicroelectronics.X-CUBE-AZRTOS-F7.1.1.0
2025-04-10 11:25:48,593 [WARN] PackLoader:240 - Cannot read IP mode file for STMicroelectronics.FP-SNS-FLIGHT1.5.0.2
2025-04-10 11:25:48,619 [WARN] PackLoader:240 - Cannot read IP mode file for Infineon.AIROC-Wi-Fi-Bluetooth-STM32.1.7.0
2025-04-10 11:25:48,677 [WARN] PackLoader:240 - Cannot read IP mode file for STMicroelectronics.X-CUBE-DISPLAY.3.0.0
2025-04-10 11:25:48,708 [WARN] PackLoader:240 - Cannot read IP mode file for STMicroelectronics.X-CUBE-BLE1.7.0.0
2025-04-10 11:25:48,716 [WARN] PackLoader:240 - Cannot read IP mode file for STMicroelectronics.X-CUBE-NFC10.1.0.0
2025-04-10 11:25:48,732 [WARN] PackLoader:240 - Cannot read IP mode file for STMicroelectronics.X-CUBE-BLEMGR.4.0.0
2025-04-10 11:25:48,743 [WARN] PackLoader:240 - Cannot read IP mode file for emotas.I-CUBE-CANOPEN.1.3.0
2025-04-10 11:25:48,747 [WARN] PackLoader:240 - Cannot read IP mode file for STMicroelectronics.X-CUBE-AI.10.0.0
2025-04-10 11:25:48,752 [WARN] PackLoader:240 - Cannot read IP mode file for STMicroelectronics.FP-SNS-SMARTAG2.1.2.0
2025-04-10 11:25:48,757 [WARN] PackLoader:240 - Cannot read IP mode file for STMicroelectronics.FP-SNS-FLIGHT1.5.1.0
2025-04-10 11:25:48,815 [WARN] PackLoader:240 - Cannot read IP mode file for STMicroelectronics.X-CUBE-MEMS1.11.1.0
2025-04-10 11:25:49,082 [INFO] LogOutputStream:77 - [STDOUT_REDIRECT] 1 : Invalid condition id : UX_CORESTACK_Condition cause : null
2025-04-10 11:25:49,103 [INFO] LogOutputStream:77 - [STDOUT_REDIRECT] 1 : Invalid condition id : UX_CORESTACK_Condition cause : null
2025-04-10 11:25:49,126 [INFO] LogOutputStream:77 - [STDOUT_REDIRECT] 1 : Invalid condition id : UX_CORESTACK_Condition cause : null
2025-04-10 11:25:49,178 [INFO] LogOutputStream:77 - [STDOUT_REDIRECT] 1 : Invalid condition id : UX_CORESTACK_Condition cause : null
2025-04-10 11:25:49,181 [INFO] LogOutputStream:77 - [STDOUT_REDIRECT] 1 : Invalid condition id : UX_CORESTACK_Condition cause : null
2025-04-10 11:25:49,211 [WARN] PackLoader:240 - Cannot read IP mode file for STMicroelectronics.X-CUBE-AZRTOS-WL.2.0.0
2025-04-10 11:25:49,290 [WARN] PackLoader:240 - Cannot read IP mode file for STMicroelectronics.FP-SNS-MOTENV1.5.0.0
2025-04-10 11:25:49,411 [WARN] PackLoader:240 - Cannot read IP mode file for WES.I-CUBE-Cesium.1.3.0
2025-04-10 11:25:49,443 [INFO] WebApp:169 - Instantiating new browser for Auth
2025-04-10 11:25:49,457 [WARN] PackLoader:240 - Cannot read IP mode file for STMicroelectronics.X-CUBE-BLE2.3.3.0
2025-04-10 11:25:49,565 [WARN] PackLoader:240 - Cannot read IP mode file for STMicroelectronics.X-CUBE-NFC9.1.0.0
2025-04-10 11:25:49,622 [WARN] PackLoader:240 - Cannot read IP mode file for STMicroelectronics.X-CUBE-BLE1.7.1.0
2025-04-10 11:25:49,753 [WARN] PackLoader:240 - Cannot read IP mode file for wolfSSL.I-CUBE-wolfMQTT.1.19.2
2025-04-10 11:25:49,819 [WARN] PackLoader:240 - Cannot read IP mode file for STMicroelectronics.X-CUBE-AZRTOS-G0.1.1.0
2025-04-10 11:25:49,882 [WARN] PackLoader:240 - Cannot read IP mode file for STMicroelectronics.X-CUBE-SAFEA1.1.2.2
2025-04-10 11:25:49,986 [WARN] PackLoader:240 - Cannot read IP mode file for STMicroelectronics.X-CUBE-NFC4.3.0.0
2025-04-10 11:25:50,232 [WARN] PackLoader:240 - Cannot read IP mode file for EmbeddedOffice.I-CUBE-FS-RTOS.1.0.1
2025-04-10 11:25:50,295 [WARN] PackLoader:240 - Cannot read IP mode file for wolfSSL.I-CUBE-wolfTPM.3.8.0
2025-04-10 11:25:50,405 [WARN] PackLoader:240 - Cannot read IP mode file for STMicroelectronics.X-CUBE-TCPP.4.2.0
2025-04-10 11:25:50,523 [WARN] PackLoader:240 - Cannot read IP mode file for RealThread.X-CUBE-RT-Thread_Nano.4.1.1
2025-04-10 11:25:50,568 [WARN] PackLoader:240 - Cannot read IP mode file for STMicroelectronics.FP-ATR-SIGFOX1.3.2.0
2025-04-10 11:25:50,683 [INFO] WebApp:463 - Apply proxy settings
2025-04-10 11:25:50,705 [WARN] ConditionMgr:438 - getConditionDescription Invalid condition id : Cortex-A Device cause : null
2025-04-10 11:25:50,708 [INFO] WebApp:508 - Chromium authenticates against Manually configured proxy
2025-04-10 11:25:50,759 [INFO] WebApp:516 - Username used for proxy authentication: 
2025-04-10 11:25:50,813 [INFO] WebApp:894 - Register for checkConnection events
2025-04-10 11:25:50,827 [INFO] WebApp:463 - Apply proxy settings
2025-04-10 11:25:50,894 [INFO] WebApp:508 - Chromium authenticates against Manually configured proxy
2025-04-10 11:25:50,929 [INFO] WebApp:516 - Username used for proxy authentication: 
2025-04-10 11:25:50,931 [WARN] ConditionMgr:1044 - genDependencies : Invalid condition id : Cortex-A Device cause : null
2025-04-10 11:25:50,961 [WARN] ConditionMgr:1044 - genDependencies : Invalid condition id : Cortex-A Device cause : null
2025-04-10 11:25:50,991 [WARN] ConditionMgr:1044 - genDependencies : Invalid condition id : Cortex-A Device cause : null
2025-04-10 11:25:51,069 [WARN] PackLoader:240 - Cannot read IP mode file for STMicroelectronics.X-CUBE-EEPRMA1.5.1.0
2025-04-10 11:25:51,177 [WARN] PackLoader:240 - Cannot read IP mode file for wolfSSL.I-CUBE-wolfSSL.5.7.6
2025-04-10 11:25:51,220 [INFO] WebApp:225 - Starting web application
2025-04-10 11:25:51,235 [INFO] WebApp:593 - Web application path used /Applications/STM32CubeIDE.app/Contents/Eclipse/plugins/com.st.stm32cube.common.mx_6.14.0.202502271554/db/plugins/mcufinder/reactClient1/index.html
2025-04-10 11:25:51,305 [WARN] PackLoader:240 - Cannot read IP mode file for ITTIA_DB.I-CUBE-ITTIADB.8.9.0
2025-04-10 11:25:51,544 [WARN] PackLoader:240 - Cannot read IP mode file for SEGGER.I-CUBE-embOS.1.3.1
2025-04-10 11:25:51,726 [WARN] PackLoader:240 - Cannot read IP mode file for STMicroelectronics.X-CUBE-ALGOBUILD.1.4.0
2025-04-10 11:25:51,820 [WARN] PackLoader:240 - Cannot read IP mode file for STMicroelectronics.X-CUBE-AZRTOS-F4.1.1.0
2025-04-10 11:25:51,885 [INFO] WebApp:191 - Connection restablished
2025-04-10 11:25:51,924 [WARN] PackLoader:240 - Cannot read IP mode file for STMicroelectronics.X-CUBE-ISPU.2.1.0
2025-04-10 11:25:52,037 [WARN] PackLoader:240 - Cannot read IP mode file for STMicroelectronics.X-CUBE-AZRTOS-L5.2.0.0
2025-04-10 11:25:52,184 [WARN] PackLoader:240 - Cannot read IP mode file for STMicroelectronics.X-CUBE-NFC6.3.1.0
2025-04-10 11:25:52,235 [WARN] PackLoader:240 - Cannot read IP mode file for STMicroelectronics.X-CUBE-DPower.1.2.0
2025-04-10 11:25:52,296 [WARN] PackLoader:240 - Cannot read IP mode file for STMicroelectronics.X-CUBE-FREERTOS.1.3.0
2025-04-10 11:25:52,358 [WARN] PackLoader:240 - Cannot read IP mode file for STMicroelectronics.X-CUBE-NFC7.1.0.1
2025-04-10 11:25:52,397 [WARN] PackLoader:240 - Cannot read IP mode file for STMicroelectronics.X-CUBE-DPower.1.3.0
2025-04-10 11:25:52,444 [WARN] ConditionMgr:438 - getConditionDescription Invalid condition id : LAN8742 Phy interface Condition cause : null
2025-04-10 11:25:52,448 [WARN] PackLoader:240 - Cannot read IP mode file for STMicroelectronics.X-CUBE-AZRTOS-L4.2.0.0
2025-04-10 11:25:52,464 [WARN] ConditionMgr:1044 - genDependencies : Invalid condition id : LAN8742 Phy interface Condition cause : null
2025-04-10 11:25:52,486 [WARN] ConditionMgr:1044 - genDependencies : Invalid condition id : LAN8742 Phy interface Condition cause : null
2025-04-10 11:25:52,486 [WARN] ConditionMgr:1044 - genDependencies : Invalid condition id : LAN8742 Phy interface Condition cause : null
2025-04-10 11:25:52,543 [WARN] PackLoader:240 - Cannot read IP mode file for STMicroelectronics.X-CUBE-SFXS2LP1.4.0.0
2025-04-10 11:25:52,600 [WARN] PackLoader:240 - Cannot read IP mode file for STMicroelectronics.X-CUBE-AZRTOS-H7.3.3.0
2025-04-10 11:25:52,646 [WARN] ConditionMgr:438 - getConditionDescription Invalid condition id : UX DEVICE CLASS RTOS Condition cause : null
2025-04-10 11:25:52,661 [WARN] ConditionMgr:438 - getConditionDescription Invalid condition id : UX DEVICE CLASS RTOS Condition cause : null
2025-04-10 11:25:52,663 [WARN] PackLoader:240 - Cannot read IP mode file for STMicroelectronics.X-CUBE-AZRTOS-WB.2.0.0
2025-04-10 11:25:52,686 [WARN] ConditionMgr:1044 - genDependencies : Invalid condition id : UX DEVICE CLASS RTOS Condition cause : null
2025-04-10 11:25:52,706 [WARN] ConditionMgr:1044 - genDependencies : Invalid condition id : UX DEVICE CLASS RTOS Condition cause : null
2025-04-10 11:25:52,707 [WARN] ConditionMgr:1044 - genDependencies : Invalid condition id : UX DEVICE CLASS RTOS Condition cause : null
2025-04-10 11:25:52,748 [WARN] ConditionMgr:1044 - genDependencies : Invalid condition id : UX DEVICE CLASS RTOS Condition cause : null
2025-04-10 11:25:52,769 [WARN] ConditionMgr:1044 - genDependencies : Invalid condition id : UX DEVICE CLASS RTOS Condition cause : null
2025-04-10 11:25:52,814 [WARN] PackLoader:240 - Cannot read IP mode file for STMicroelectronics.X-CUBE-GNSS1.7.0.1
2025-04-10 11:25:52,857 [WARN] PackLoader:240 - Cannot read IP mode file for STMicroelectronics.X-CUBE-TOUCHGFX.4.25.0
2025-04-10 11:25:52,947 [WARN] PackLoader:240 - Cannot read IP mode file for STMicroelectronics.FP-SNS-STBOX1.2.0.0
2025-04-10 11:25:53,012 [WARN] PackLoader:240 - Cannot read IP mode file for STMicroelectronics.X-CUBE-SUBG2.5.0.0
2025-04-10 11:25:53,046 [WARN] PackLoader:240 - Cannot read IP mode file for STMicroelectronics.X-CUBE-AZRTOS-H7RS.1.1.0
2025-04-10 11:25:53,051 [WARN] PackLoader:240 - Cannot read IP mode file for Cesanta.I-CUBE-Mongoose.7.13.0
2025-04-10 11:25:53,061 [WARN] PackLoader:240 - Cannot read IP mode file for STMicroelectronics.X-CUBE-AZRTOS-G4.2.0.0
2025-04-10 11:25:53,065 [WARN] PackLoader:240 - Cannot read IP mode file for wolfSSL.I-CUBE-wolfSSH.1.4.20
2025-04-10 11:25:53,073 [WARN] PackLoader:240 - Cannot read IP mode file for STMicroelectronics.X-CUBE-IPS.3.1.0
2025-04-10 11:25:53,081 [WARN] PackLoader:240 - Cannot read IP mode file for STMicroelectronics.X-CUBE-ALS.1.0.2
2025-04-10 11:25:53,084 [WARN] PackLoader:240 - Cannot read IP mode file for STMicroelectronics.X-CUBE-TOUCHGFX.4.24.2
2025-04-10 11:25:53,088 [WARN] PackLoader:240 - Cannot read IP mode file for portGmbH.I-Cube-SoM-uGOAL.1.1.0
2025-04-10 11:25:53,101 [WARN] PackLoader:240 - Cannot read IP mode file for STMicroelectronics.X-CUBE-AZRTOS-H7RS.1.0.0
2025-04-10 11:25:53,110 [WARN] PackLoader:240 - Cannot read IP mode file for STMicroelectronics.X-CUBE-TOF1.3.4.2
2025-04-10 11:25:53,116 [INFO] ThirdParty:978 - Integrity check success = true
2025-04-10 11:25:53,117 [INFO] IntegrityCheckThread:100 - exiting critical section [integrity check]
2025-04-10 11:25:53,117 [INFO] IntegrityCheckThread:103 - End integrity checks thread
2025-04-10 11:57:18,534 [INFO] WebApp:194 - Connection lost
2025-04-10 12:06:45,537 [INFO] WebApp:191 - Connection restablished
2025-04-10 12:53:08,019 [INFO] WebApp:194 - Connection lost
2025-04-10 14:02:30,088 [INFO] WebApp:191 - Connection restablished
